============================= test session starts ==============================
platform darwin -- Python 3.12.8, pytest-9.0.2, pluggy-1.6.0 -- /Users/kiesowd/VSCode/NewsCrawler/MizzouNewsCrawler/venv/bin/python
cachedir: .pytest_cache
rootdir: /Users/kiesowd/VSCode/NewsCrawler/MizzouNewsCrawler
configfile: pytest.ini (WARNING: ignoring pytest config in pyproject.toml!)
plugins: anyio-4.12.1, mock-3.15.1, xdist-3.8.0, asyncio-1.3.0, requests-mock-1.12.1, cov-7.0.0
asyncio: mode=Mode.STRICT, debug=False, asyncio_default_fixture_loop_scope=None, asyncio_default_test_loop_scope=function
collecting ... collected 2941 items / 359 deselected / 2582 selected

tests/alembic/test_proxy_status_migration.py::test_migration_documentation PASSED [  0%]
tests/backend/test_crawler_http_errors.py::TestCrawlerHTTPErrorHandling::test_404_raises_not_found_error PASSED [  0%]
tests/backend/test_crawler_http_errors.py::TestCrawlerHTTPErrorHandling::test_410_raises_not_found_error PASSED [  0%]
tests/backend/test_crawler_http_errors.py::TestCrawlerHTTPErrorHandling::test_404_does_not_trigger_beautifulsoup_fallback PASSED [  0%]
tests/backend/test_crawler_http_errors.py::TestCrawlerHTTPErrorHandling::test_404_does_not_trigger_selenium_fallback PASSED [  0%]
tests/backend/test_crawler_http_errors.py::TestCrawlerHTTPErrorHandling::test_429_raises_rate_limit_error PASSED [  0%]
tests/backend/test_crawler_http_errors.py::TestCrawlerHTTPErrorHandling::test_429_does_not_trigger_fallbacks PASSED [  0%]
tests/backend/test_crawler_http_errors.py::TestCrawlerHTTPErrorHandling::test_403_bot_protection_raises_rate_limit_error PASSED [  0%]
tests/backend/test_crawler_http_errors.py::TestCrawlerHTTPErrorHandling::test_200_continues_with_extraction PASSED [  0%]
tests/backend/test_crawler_http_errors.py::TestCrawlerHTTPErrorHandling::test_404_caches_dead_url PASSED [  0%]
tests/backend/test_crawler_http_errors.py::TestCrawlerHTTPErrorHandling::test_500_allows_fallback_attempts PASSED [  0%]
tests/backend/test_crawler_http_errors.py::TestCrawlerHTTPErrorHandling::test_generic_exception_allows_fallback PASSED [  0%]
tests/backend/test_crawler_http_errors.py::TestCrawlerHTTPErrorHandling::test_410_vs_404_both_raise_not_found PASSED [  0%]
tests/backend/test_lifecycle.py::test_startup_initializes_telemetry_store PASSED [  0%]
tests/backend/test_lifecycle.py::test_startup_initializes_database_manager PASSED [  0%]
tests/backend/test_lifecycle.py::test_startup_initializes_http_session PASSED [  0%]
tests/backend/test_lifecycle.py::test_startup_sets_ready_flag PASSED     [  0%]
tests/backend/test_lifecycle.py::test_shutdown_cleans_up_telemetry_store PASSED [  0%]
tests/backend/test_lifecycle.py::test_shutdown_disposes_database_engine PASSED [  0%]
tests/backend/test_lifecycle.py::test_shutdown_closes_http_session PASSED [  0%]
tests/backend/test_wire_detection_persistent_patterns.py::TestWireDetectionInPersistentPatterns::test_abc_local_affiliate_footer_not_wire PASSED [  0%]
tests/backend/test_wire_detection_persistent_patterns.py::TestWireDetectionInPersistentPatterns::test_cbs_local_affiliate_footer_not_wire PASSED [  0%]
tests/backend/test_wire_detection_persistent_patterns.py::TestWireDetectionInPersistentPatterns::test_nbc_local_affiliate_footer_not_wire PASSED [  0%]
tests/backend/test_wire_detection_persistent_patterns.py::TestWireDetectionInPersistentPatterns::test_fox_local_affiliate_footer_not_wire PASSED [  0%]
tests/backend/test_wire_detection_persistent_patterns.py::TestWireDetectionInPersistentPatterns::test_cnn_copyright_on_local_site_is_wire PASSED [  0%]
tests/backend/test_wire_detection_persistent_patterns.py::TestWireDetectionInPersistentPatterns::test_cnn_copyright_on_cnn_not_wire PASSED [  1%]
tests/backend/test_wire_detection_persistent_patterns.py::TestWireDetectionInPersistentPatterns::test_ap_copyright_is_wire PASSED [  1%]
tests/backend/test_wire_detection_persistent_patterns.py::TestWireDetectionInPersistentPatterns::test_reuters_copyright_is_wire PASSED [  1%]
tests/backend/test_wire_detection_persistent_patterns.py::TestWireDetectionInPersistentPatterns::test_generic_privacy_policy_not_wire PASSED [  1%]
tests/backend/test_wire_detection_persistent_patterns.py::TestWireDetectionInPersistentPatterns::test_generic_terms_of_service_not_wire PASSED [  1%]
tests/backend/test_wire_detection_persistent_patterns.py::TestWireDetectionInPersistentPatterns::test_abc_news_on_abcnews_not_wire SKIPPED [  1%]
tests/backend/test_wire_detection_persistent_patterns.py::TestWireDetectionInPersistentPatterns::test_nyt_on_nytimes_not_wire SKIPPED [  1%]
tests/backend/test_wire_detection_persistent_patterns.py::TestWireDetectionInPersistentPatterns::test_wapo_on_washingtonpost_not_wire PASSED [  1%]
tests/backend/test_wire_detection_persistent_patterns.py::TestWireDetectionInPersistentPatterns::test_explicit_wire_service_indicator PASSED [  1%]
tests/backend/test_wire_detection_persistent_patterns.py::TestWireDetectionInPersistentPatterns::test_syndicated_content_indicator PASSED [  1%]
tests/backend/test_wire_detection_persistent_patterns.py::TestWireDetectionInPersistentPatterns::test_abc_without_number_on_abc_affiliate_not_wire PASSED [  1%]
tests/backend/test_wire_detection_persistent_patterns.py::TestWireDetectionInPersistentPatterns::test_local_byline_with_network_affiliation_not_wire PASSED [  1%]
tests/backend/test_wire_detection_persistent_patterns.py::TestWireDetectionInPersistentPatterns::test_cnn_newsource_on_local_site_is_wire PASSED [  1%]
tests/backend/test_wire_detection_persistent_patterns.py::TestWireDetectionInPersistentPatterns::test_ap_attribution_on_local_site_is_wire PASSED [  1%]
tests/backend/test_wire_detection_persistent_patterns.py::TestWireDetectionInPersistentPatterns::test_pattern_analysis_method_has_higher_confidence PASSED [  1%]
tests/backend/test_wire_detection_persistent_patterns.py::TestWireDetectionInPersistentPatterns::test_regex_pattern_method_has_standard_confidence PASSED [  1%]
tests/backend/test_wire_detection_persistent_patterns.py::TestWireDetectionInPersistentPatterns::test_empty_pattern_returns_none PASSED [  1%]
tests/backend/test_wire_detection_persistent_patterns.py::TestWireDetectionInPersistentPatterns::test_none_pattern_returns_none PASSED [  1%]
tests/backend/test_wire_detection_persistent_patterns.py::TestWireDetectionInPersistentPatterns::test_whitespace_only_pattern_returns_none PASSED [  1%]
tests/backend/test_wire_detection_persistent_patterns.py::TestRemovePersistentPatternsWireDetection::test_wire_detected_in_copyright_pattern PASSED [  1%]
tests/backend/test_wire_detection_persistent_patterns.py::TestRemovePersistentPatternsWireDetection::test_wire_not_detected_on_own_domain PASSED [  1%]
tests/backend/test_wire_detection_persistent_patterns.py::TestRemovePersistentPatternsWireDetection::test_local_affiliate_pattern_not_wire_detection PASSED [  1%]
tests/backfill/test_backfill_article_entities.py::test_run_backfill_dry_run_skips_processing PASSED [  1%]
tests/backfill/test_backfill_article_entities.py::test_run_backfill_processes_missing_entities PASSED [  1%]
tests/cli/commands/test_analysis.py::test_handle_analysis_success_without_report PASSED [  1%]
tests/cli/commands/test_analysis.py::test_handle_analysis_dry_run_generates_report PASSED [  1%]
tests/cli/commands/test_analysis.py::test_handle_analysis_persisted_report_generates_csv PASSED [  2%]
tests/cli/commands/test_analysis.py::test_handle_analysis_returns_error_when_classifier_fails PASSED [  2%]
tests/cli/commands/test_analysis.py::test_resolve_statuses_handles_edge_cases[None-expected0] PASSED [  2%]
tests/cli/commands/test_analysis.py::test_resolve_statuses_handles_edge_cases[raw_statuses1-expected1] PASSED [  2%]
tests/cli/commands/test_analysis.py::test_resolve_statuses_handles_edge_cases[raw_statuses2-None] PASSED [  2%]
tests/cli/commands/test_analysis.py::test_resolve_statuses_handles_edge_cases[raw_statuses3-expected3] PASSED [  2%]
tests/cli/commands/test_analysis.py::test_resolve_statuses_handles_edge_cases[raw_statuses4-expected4] PASSED [  2%]
tests/cli/commands/test_analysis.py::test_resolve_statuses_preserves_order_unique PASSED [  2%]
tests/cli/commands/test_analysis.py::test_filtered_statuses_removes_excluded[None-None] PASSED [  2%]
tests/cli/commands/test_analysis.py::test_filtered_statuses_removes_excluded[statuses1-expected1] PASSED [  2%]
tests/cli/commands/test_analysis.py::test_filtered_statuses_removes_excluded[statuses2-expected2] PASSED [  2%]
tests/cli/commands/test_analysis.py::test_filtered_statuses_removes_excluded[statuses3-expected3] PASSED [  2%]
tests/cli/commands/test_analysis.py::test_snapshot_labels_returns_snapshot_when_statuses_none PASSED [  2%]
tests/cli/commands/test_analysis.py::test_snapshot_labels_short_circuits_on_empty_statuses PASSED [  2%]
tests/cli/commands/test_analysis.py::test_snapshot_labels_returns_rows_for_explicit_statuses PASSED [  2%]
tests/cli/commands/test_analysis.py::test_compute_label_changes_detects_primary_updates PASSED [  2%]
tests/cli/commands/test_analysis.py::test_compute_dry_run_changes_uses_fallbacks PASSED [  2%]
tests/cli/commands/test_analysis.py::test_write_label_changes_creates_csv PASSED [  2%]
tests/cli/commands/test_analysis.py::test_handle_analysis_no_label_changes_reports_skip PASSED [  2%]
tests/cli/commands/test_cleaning_command.py::TestAddCleaningParser::test_adds_clean_articles_subcommand PASSED [  2%]
tests/cli/commands/test_cleaning_command.py::TestAddCleaningParser::test_default_limit_is_50 PASSED [  2%]
tests/cli/commands/test_cleaning_command.py::TestAddCleaningParser::test_custom_limit_argument PASSED [  2%]
tests/cli/commands/test_cleaning_command.py::TestAddCleaningParser::test_single_status_argument PASSED [  2%]
tests/cli/commands/test_cleaning_command.py::TestAddCleaningParser::test_multiple_status_arguments PASSED [  2%]
tests/cli/commands/test_cleaning_command.py::TestAddCleaningParser::test_sets_handler_function PASSED [  2%]
tests/cli/commands/test_cleaning_command.py::TestHandleCleaningCommand::test_no_articles_found PASSED [  2%]
tests/cli/commands/test_cleaning_command.py::TestHandleCleaningCommand::test_successful_cleaning_with_status_change PASSED [  3%]
tests/cli/commands/test_cleaning_command.py::TestHandleCleaningCommand::test_wire_detection_changes_status PASSED [  3%]
tests/cli/commands/test_cleaning_command.py::TestHandleCleaningCommand::test_local_wire_detection_changes_status_to_local PASSED [  3%]
tests/cli/commands/test_cleaning_command.py::TestHandleCleaningCommand::test_extracted_to_cleaned_status_change PASSED [  3%]
tests/cli/commands/test_cleaning_command.py::TestHandleCleaningCommand::test_multiple_articles_from_same_domain PASSED [  3%]
tests/cli/commands/test_cleaning_command.py::TestHandleCleaningCommand::test_multiple_articles_from_different_domains PASSED [  3%]
tests/cli/commands/test_cleaning_command.py::TestHandleCleaningCommand::test_handles_cleaning_error_gracefully PASSED [  3%]
tests/cli/commands/test_cleaning_command.py::TestHandleCleaningCommand::test_uses_default_status_extracted PASSED [  3%]
tests/cli/commands/test_cleaning_command.py::TestHandleCleaningCommand::test_respects_custom_limit PASSED [  3%]
tests/cli/commands/test_cleaning_command.py::TestHandleCleaningCommand::test_database_error_returns_error_code PASSED [  3%]
tests/cli/commands/test_cleaning_command.py::TestHandleCleaningCommand::test_commits_every_10_articles PASSED [  3%]
tests/cli/commands/test_cleaning_command.py::TestHandleCleaningCommand::test_displays_status_change_summary PASSED [  3%]
tests/cli/commands/test_cleanup_candidates.py::TestAddCleanupCandidatesParser::test_creates_parser_with_correct_name PASSED [  3%]
tests/cli/commands/test_cleanup_candidates.py::TestAddCleanupCandidatesParser::test_default_days_is_seven PASSED [  3%]
tests/cli/commands/test_cleanup_candidates.py::TestAddCleanupCandidatesParser::test_accepts_custom_days PASSED [  3%]
tests/cli/commands/test_cleanup_candidates.py::TestAddCleanupCandidatesParser::test_dry_run_flag_default_false PASSED [  3%]
tests/cli/commands/test_cleanup_candidates.py::TestAddCleanupCandidatesParser::test_dry_run_flag_can_be_set PASSED [  3%]
tests/cli/commands/test_cleanup_candidates.py::TestHandleCleanupCandidatesCommand::test_handle_with_no_expired_candidates PASSED [  3%]
tests/cli/commands/test_cleanup_candidates.py::TestHandleCleanupCandidatesCommand::test_handle_with_expired_candidates_dry_run PASSED [  3%]
tests/cli/commands/test_cleanup_candidates.py::TestHandleCleanupCandidatesCommand::test_handle_with_expired_candidates_updates_status PASSED [  3%]
tests/cli/commands/test_content_cleaning.py::test_analyze_domains_no_filtered_domains PASSED [  3%]
tests/cli/commands/test_content_cleaning.py::test_analyze_domains_with_results PASSED [  3%]
tests/cli/commands/test_content_cleaning.py::test_list_domains_command_outputs PASSED [  3%]
tests/cli/commands/test_content_cleaning.py::test_display_analysis_results_prints_segments PASSED [  3%]
tests/cli/commands/test_content_cleaning.py::test_display_analysis_results_no_segments PASSED [  3%]
tests/cli/commands/test_content_cleaning.py::test_register_commands_adds_group PASSED [  3%]
tests/cli/commands/test_content_cleaning.py::test_clean_article_handles_missing_record PASSED [  4%]
tests/cli/commands/test_content_cleaning.py::test_clean_article_updates_database PASSED [  4%]
tests/cli/commands/test_content_cleaning.py::test_apply_cleaning_updates_articles PASSED [  4%]
tests/cli/commands/test_content_cleaning.py::test_clean_content_command_dry_run PASSED [  4%]
tests/cli/commands/test_content_cleaning.py::test_improved_content_cleaner_fallback PASSED [  4%]
tests/cli/commands/test_crawl.py::test_add_crawl_parser_registers_command PASSED [  4%]
tests/cli/commands/test_crawl.py::test_handle_crawl_command_requires_target[HOST-host] PASSED [  4%]
tests/cli/commands/test_crawl.py::test_handle_crawl_command_requires_target[CITY-city] PASSED [  4%]
tests/cli/commands/test_crawl.py::test_handle_crawl_command_requires_target[COUNTY-county] PASSED [  4%]
tests/cli/commands/test_crawl.py::test_handle_crawl_command_forwards_to_discovery PASSED [  4%]
tests/cli/commands/test_crawl.py::test_handle_crawl_command_defaults_for_all_filter PASSED [  4%]
tests/cli/commands/test_discovery.py::test_add_discovery_parser_defaults PASSED [  4%]
tests/cli/commands/test_discovery.py::test_add_discovery_parser_aliases PASSED [  4%]
tests/cli/commands/test_discovery.py::test_collect_source_uuids[None-None-expected0] PASSED [  4%]
tests/cli/commands/test_discovery.py::test_collect_source_uuids[one-None-expected1] PASSED [  4%]
tests/cli/commands/test_discovery.py::test_collect_source_uuids[None-source_uuids2-expected2] PASSED [  4%]
tests/cli/commands/test_discovery.py::test_collect_source_uuids[first-source_uuids3-expected3] PASSED [  4%]
tests/cli/commands/test_discovery.py::test_handle_discovery_command_legacy_limit_sets_existing PASSED [  4%]
tests/cli/commands/test_discovery.py::test_handle_discovery_command_force_all_disables_due_only PASSED [  4%]
tests/cli/commands/test_discovery.py::test_handle_discovery_command_reports_success PASSED [  4%]
tests/cli/commands/test_discovery.py::test_handle_discovery_command_reports_failures PASSED [  4%]
tests/cli/commands/test_discovery.py::test_handle_discovery_command_handles_exception PASSED [  4%]
tests/cli/commands/test_discovery_report.py::test_handle_discovery_report_summary_default PASSED [  4%]
tests/cli/commands/test_discovery_report.py::test_handle_discovery_report_detailed PASSED [  4%]
tests/cli/commands/test_discovery_report.py::test_handle_discovery_report_json PASSED [  4%]
tests/cli/commands/test_discovery_report.py::test_handle_discovery_report_handles_report_errors PASSED [  4%]
tests/cli/commands/test_discovery_report.py::test_handle_discovery_report_handles_exceptions PASSED [  5%]
tests/cli/commands/test_discovery_status.py::test_discovery_status_verbose_summary PASSED [  5%]
tests/cli/commands/test_discovery_status.py::test_discovery_status_warns_when_no_sources_due PASSED [  5%]
tests/cli/commands/test_discovery_status.py::test_discovery_status_returns_error_when_no_sources PASSED [  5%]
tests/cli/commands/test_discovery_status.py::test_to_int_handles_invalid_values PASSED [  5%]
tests/cli/commands/test_discovery_status.py::test_discovery_status_handles_exception PASSED [  5%]
tests/cli/commands/test_discovery_status_command.py::TestToInt::test_to_int_with_integer PASSED [  5%]
tests/cli/commands/test_discovery_status_command.py::TestToInt::test_to_int_with_string PASSED [  5%]
tests/cli/commands/test_discovery_status_command.py::TestToInt::test_to_int_with_float_string PASSED [  5%]
tests/cli/commands/test_discovery_status_command.py::TestToInt::test_to_int_with_none PASSED [  5%]
tests/cli/commands/test_discovery_status_command.py::TestToInt::test_to_int_with_invalid_string PASSED [  5%]
tests/cli/commands/test_discovery_status_command.py::TestAddDiscoveryStatusParser::test_creates_parser_with_correct_name PASSED [  5%]
tests/cli/commands/test_discovery_status_command.py::TestAddDiscoveryStatusParser::test_dataset_argument_optional PASSED [  5%]
tests/cli/commands/test_discovery_status_command.py::TestAddDiscoveryStatusParser::test_accepts_dataset_argument PASSED [  5%]
tests/cli/commands/test_discovery_status_command.py::TestAddDiscoveryStatusParser::test_verbose_flag_default_false PASSED [  5%]
tests/cli/commands/test_discovery_status_command.py::TestAddDiscoveryStatusParser::test_verbose_flag_can_be_set PASSED [  5%]
tests/cli/commands/test_discovery_status_command.py::TestAddDiscoveryStatusParser::test_verbose_long_form PASSED [  5%]
tests/cli/commands/test_extract_url_parser.py::test_add_extract_url_parser_creates_subcommand PASSED [  5%]
tests/cli/commands/test_extraction.py::test_add_extraction_parser_defaults PASSED [  5%]
tests/cli/commands/test_extraction.py::test_handle_extraction_command_success PASSED [  5%]
tests/cli/commands/test_extraction.py::test_handle_extraction_command_handles_exception PASSED [  5%]
tests/cli/commands/test_extraction.py::test_attach_driver_metrics_passes_snapshot PASSED [  5%]
tests/cli/commands/test_extraction.py::test_attach_driver_metrics_handles_missing_method PASSED [  5%]
tests/cli/commands/test_extraction.py::test_format_cleaned_authors_normalizes_output PASSED [  5%]
tests/cli/commands/test_extraction.py::test_process_batch_success_path PASSED [  5%]
tests/cli/commands/test_extraction.py::test_process_batch_rate_limited PASSED [  6%]
tests/cli/commands/test_extraction.py::test_run_post_extraction_cleaning_updates_status PASSED [  6%]
tests/cli/commands/test_extraction.py::test_analyze_dataset_domains_single_domain PASSED [  6%]
tests/cli/commands/test_extraction.py::test_analyze_dataset_domains_multiple_domains PASSED [  6%]
tests/cli/commands/test_extraction.py::test_analyze_dataset_domains_no_urls PASSED [  6%]
tests/cli/commands/test_extraction.py::test_run_article_entity_extraction_handles_skip PASSED [  6%]
tests/cli/commands/test_extraction_backup.py::test_add_extraction_parser_defaults PASSED [  6%]
tests/cli/commands/test_extraction_backup.py::test_handle_extraction_command_runs_batches PASSED [  6%]
tests/cli/commands/test_extraction_backup.py::test_handle_extraction_command_returns_error PASSED [  6%]
tests/cli/commands/test_extraction_backup.py::test_process_batch_successful_articles PASSED [  6%]
tests/cli/commands/test_extraction_backup.py::test_process_batch_handles_failed_article PASSED [  6%]
tests/cli/commands/test_extraction_content_validation.py::TestContentValidationIntegration::test_content_cleaner_instantiated_in_handle_extraction_command PASSED [  6%]
tests/cli/commands/test_extraction_content_validation.py::TestContentValidationIntegration::test_content_cleaner_passed_to_process_batch PASSED [  6%]
tests/cli/commands/test_extraction_content_validation.py::TestContentValidationLogic::test_article_with_sufficient_content_after_cleaning PASSED [  6%]
tests/cli/commands/test_extraction_content_validation.py::TestContentValidationLogic::test_wire_service_article_sets_wire_check_complete PASSED [  6%]
tests/cli/commands/test_extraction_content_validation.py::TestContentValidationLogic::test_article_with_insufficient_content_after_cleaning_skipped PASSED [  6%]
tests/cli/commands/test_extraction_content_validation.py::TestContentValidationLogic::test_content_validation_with_empty_content PASSED [  6%]
tests/cli/commands/test_extraction_content_validation.py::TestContentValidationLogic::test_insufficient_content_without_paywall_commits_and_updates PASSED [  6%]
tests/cli/commands/test_extraction_content_validation.py::TestContentValidationLogic::test_work_queue_insufficient_content_still_commits PASSED [  6%]
tests/cli/commands/test_extraction_work_queue_retry.py::TestWorkQueueRetryLogic::test_get_work_from_queue_success_first_try PASSED [  6%]
tests/cli/commands/test_extraction_work_queue_retry.py::TestWorkQueueRetryLogic::test_get_work_from_queue_retries_on_timeout PASSED [  6%]
tests/cli/commands/test_extraction_work_queue_retry.py::TestWorkQueueRetryLogic::test_get_work_from_queue_fails_after_max_retries PASSED [  6%]
tests/cli/commands/test_extraction_work_queue_retry.py::TestWorkQueueRetryLogic::test_get_work_from_queue_timeout_increases PASSED [  6%]
tests/cli/commands/test_extraction_work_queue_retry.py::TestWorkQueueRetryLogic::test_get_work_from_queue_http_error_retries PASSED [  6%]
tests/cli/commands/test_extraction_work_queue_retry.py::TestWorkQueueRetryLogic::test_get_work_from_queue_connection_error_retries PASSED [  6%]
tests/cli/commands/test_extraction_work_queue_retry.py::TestWorkQueueRetryLogic::test_get_work_from_queue_empty_response_no_retry PASSED [  6%]
tests/cli/commands/test_gazetteer.py::test_handle_gazetteer_command_missing_script PASSED [  7%]
tests/cli/commands/test_gazetteer.py::test_handle_gazetteer_command_success PASSED [  7%]
tests/cli/commands/test_gazetteer.py::test_handle_gazetteer_command_with_dataset_and_options PASSED [  7%]
tests/cli/commands/test_housekeeping.py::TestHousekeepingCommand::test_add_housekeeping_parser_registers_command PASSED [  7%]
tests/cli/commands/test_housekeeping.py::TestHousekeepingCommand::test_housekeeping_command_dry_run_mode PASSED [  7%]
tests/cli/commands/test_housekeeping.py::TestHousekeepingCommand::test_housekeeping_command_verbose_output PASSED [  7%]
tests/cli/commands/test_housekeeping.py::TestHousekeepingCommand::test_housekeeping_command_configurable_thresholds PASSED [  7%]
tests/cli/commands/test_http_status.py::test_add_http_status_parser_registers_command PASSED [  7%]
tests/cli/commands/test_http_status.py::test_handle_http_status_warns_and_prints_table PASSED [  7%]
tests/cli/commands/test_http_status.py::test_handle_http_status_filters_by_source_id PASSED [  7%]
tests/cli/commands/test_http_status.py::test_handle_http_status_adds_host_like_filter PASSED [  7%]
tests/cli/commands/test_http_status.py::test_handle_http_status_resolves_lookup_host PASSED [  7%]
tests/cli/commands/test_http_status.py::test_handle_http_status_outputs_json PASSED [  7%]
tests/cli/commands/test_http_status.py::test_handle_http_status_handles_exception PASSED [  7%]
tests/cli/commands/test_list_sources.py::test_handle_list_sources_json PASSED [  7%]
tests/cli/commands/test_list_sources.py::test_handle_list_sources_csv PASSED [  7%]
tests/cli/commands/test_list_sources.py::test_handle_list_sources_table PASSED [  7%]
tests/cli/commands/test_list_sources.py::test_handle_list_sources_handles_errors PASSED [  7%]
tests/cli/commands/test_list_sources.py::test_handle_list_sources_no_results PASSED [  7%]
tests/cli/commands/test_llm.py::test_add_llm_parser_registers_subcommands PASSED [  7%]
tests/cli/commands/test_llm.py::test_handle_llm_command_requires_subcommand PASSED [  7%]
tests/cli/commands/test_llm.py::test_handle_llm_status_reports_configuration PASSED [  7%]
tests/cli/commands/test_llm.py::test_handle_llm_run_executes_pipeline PASSED [  7%]
tests/cli/commands/test_load_sources.py::test_validate_columns_reports_missing_fields PASSED [  7%]
tests/cli/commands/test_load_sources.py::test_normalize_source_row_generates_expected_payload PASSED [  7%]
tests/cli/commands/test_load_sources.py::test_normalize_source_row_handles_missing_zip[zip_value0-None] PASSED [  7%]
tests/cli/commands/test_load_sources.py::test_normalize_source_row_handles_missing_zip[-] PASSED [  8%]
tests/cli/commands/test_load_sources.py::test_normalize_source_row_handles_missing_zip[12345-12345] PASSED [  8%]
tests/cli/commands/test_load_sources.py::test_parse_host_components_returns_raw_and_normalized PASSED [  8%]
tests/cli/commands/test_load_sources.py::test_parse_host_components_rejects_missing_host PASSED [  8%]
tests/cli/commands/test_load_sources.py::test_detect_duplicate_urls_returns_messages_for_duplicates PASSED [  8%]
tests/cli/commands/test_load_sources.py::test_handle_load_sources_command_creates_dataset_and_sources PASSED [  8%]
tests/cli/commands/test_load_sources.py::test_handle_load_sources_command_detects_duplicates_early PASSED [  8%]
tests/cli/commands/test_reports.py::test_handle_county_report_uses_default_output_path PASSED [  8%]
tests/cli/commands/test_reports.py::test_handle_county_report_respects_cli_flags PASSED [  8%]
tests/cli/commands/test_reports.py::test_handle_county_report_handles_generation_errors PASSED [  8%]
tests/cli/commands/test_test_domain_command.py::TestDomainTestResult::test_domain_test_result_creation PASSED [  8%]
tests/cli/commands/test_test_domain_command.py::TestDomainTestResult::test_domain_test_result_to_dict PASSED [  8%]
tests/cli/commands/test_test_domain_command.py::TestCategorizeError::test_categorize_cloudflare_error PASSED [  8%]
tests/cli/commands/test_test_domain_command.py::TestCategorizeError::test_categorize_subscription_error PASSED [  8%]
tests/cli/commands/test_test_domain_command.py::TestCategorizeError::test_categorize_proxy_error PASSED [  8%]
tests/cli/commands/test_test_domain_command.py::TestCategorizeError::test_categorize_403_error PASSED [  8%]
tests/cli/commands/test_test_domain_command.py::TestCategorizeError::test_categorize_404_error PASSED [  8%]
tests/cli/commands/test_test_domain_command.py::TestCategorizeError::test_categorize_timeout_error PASSED [  8%]
tests/cli/commands/test_test_domain_command.py::TestCategorizeError::test_categorize_chrome_error PASSED [  8%]
tests/cli/commands/test_test_domain_command.py::TestCategorizeError::test_categorize_connection_error PASSED [  8%]
tests/cli/commands/test_test_domain_command.py::TestCategorizeError::test_categorize_unknown_error PASSED [  8%]
tests/cli/commands/test_test_domain_command.py::TestCategorizeError::test_categorize_case_insensitive PASSED [  8%]
tests/cli/commands/test_test_domain_command.py::TestGetRecommendation::test_recommendation_cloudflare PASSED [  8%]
tests/cli/commands/test_test_domain_command.py::TestGetRecommendation::test_recommendation_subscription PASSED [  8%]
tests/cli/commands/test_test_domain_command.py::TestGetRecommendation::test_recommendation_proxy PASSED [  8%]
tests/cli/commands/test_test_domain_command.py::TestGetRecommendation::test_recommendation_403 PASSED [  8%]
tests/cli/commands/test_test_domain_command.py::TestGetRecommendation::test_recommendation_404 PASSED [  9%]
tests/cli/commands/test_test_domain_command.py::TestGetRecommendation::test_recommendation_timeout PASSED [  9%]
tests/cli/commands/test_test_domain_command.py::TestGetRecommendation::test_recommendation_chrome PASSED [  9%]
tests/cli/commands/test_test_domain_command.py::TestGetRecommendation::test_recommendation_connection PASSED [  9%]
tests/cli/commands/test_test_domain_command.py::TestGetRecommendation::test_recommendation_unknown PASSED [  9%]
tests/cli/commands/test_test_domain_command.py::TestAddTestDomainParser::test_add_test_domain_parser PASSED [  9%]
tests/cli/commands/test_test_domain_command.py::TestAddTestDomainParser::test_parser_domain_required PASSED [  9%]
tests/cli/commands/test_test_domain_command.py::TestAddTestDomainParser::test_parser_limit_optional PASSED [  9%]
tests/cli/commands/test_test_domain_command.py::TestHandleDomainDiagnosticsCommand::test_command_success_path PASSED [  9%]
tests/cli/commands/test_test_domain_command.py::TestHandleDomainDiagnosticsCommand::test_command_no_articles_found PASSED [  9%]
tests/cli/commands/test_test_domain_command.py::TestHandleDomainDiagnosticsCommand::test_command_database_error PASSED [  9%]
tests/cli/commands/test_test_domain_command.py::TestHandleDomainDiagnosticsCommand::test_command_partial_extraction PASSED [  9%]
tests/cli/commands/test_test_domain_command.py::TestHandleDomainDiagnosticsCommand::test_command_extraction_failure PASSED [  9%]
tests/cli/commands/test_test_domain_command.py::TestHandleDomainDiagnosticsCommand::test_command_output_to_file PASSED [  9%]
tests/cli/commands/test_test_domain_command.py::TestHandleDomainDiagnosticsCommand::test_command_verbose_mode PASSED [  9%]
tests/cli/commands/test_test_domain_command.py::TestHandleDomainDiagnosticsCommand::test_command_domain_normalization PASSED [  9%]
tests/cli/commands/test_test_domain_command.py::TestHandleDomainDiagnosticsCommand::test_command_multiple_urls PASSED [  9%]
tests/cli/commands/test_test_domain_command.py::TestHandleDomainDiagnosticsCommand::test_command_chrome_error_handling PASSED [  9%]
tests/cli/commands/test_verification.py::test_handle_verification_status_mode PASSED [  9%]
tests/cli/commands/test_verification.py::test_handle_verification_runs_service PASSED [  9%]
tests/cli/commands/test_verification.py::test_handle_verification_passes_idle_grace PASSED [  9%]
tests/cli/commands/test_verification.py::test_handle_verification_returns_error_on_failure PASSED [  9%]
tests/cli/commands/test_verification.py::test_show_verification_status_handles_exception PASSED [  9%]
tests/cli/commands/test_verification.py::test_run_verification_service_handles_keyboard_interrupt PASSED [  9%]
tests/cli/commands/test_verification.py::test_run_verification_service_handles_runtime_error PASSED [  9%]
tests/cli/commands/test_verification.py::test_handle_verification_returns_error_when_run_loop_fails PASSED [  9%]
tests/cli/commands/test_versioning.py::test_handle_create_version_command PASSED [ 10%]
tests/cli/commands/test_versioning.py::test_handle_list_versions_command PASSED [ 10%]
tests/cli/commands/test_versioning.py::test_handle_list_versions_no_results PASSED [ 10%]
tests/cli/commands/test_versioning.py::test_handle_list_versions_error PASSED [ 10%]
tests/cli/commands/test_versioning.py::test_handle_export_version_command PASSED [ 10%]
tests/cli/commands/test_versioning.py::test_handle_export_version_error PASSED [ 10%]
tests/cli/commands/test_versioning.py::test_handle_export_snapshot_command PASSED [ 10%]
tests/cli/commands/test_versioning.py::test_handle_export_snapshot_error PASSED [ 10%]
tests/cli/test_background_processes.py::test_show_background_processes_empty PASSED [ 10%]
tests/cli/test_background_processes.py::test_show_background_processes_lists_rows PASSED [ 10%]
tests/cli/test_background_processes.py::test_show_active_queue_prints_running PASSED [ 10%]
tests/cli/test_background_processes.py::test_show_active_queue_handles_exception PASSED [ 10%]
tests/cli/test_background_processes.py::test_show_process_status_prints_detail PASSED [ 10%]
tests/cli/test_background_processes.py::test_show_process_status_not_found PASSED [ 10%]
tests/cli/test_background_processes.py::test_handle_queue_command_wraps_result PASSED [ 10%]
tests/cli/test_background_processes.py::test_handle_status_command_routes PASSED [ 10%]
tests/cli/test_background_processes.py::test_print_database_status_executes_queries PASSED [ 10%]
tests/cli/test_background_processes.py::test_print_database_status_on_error PASSED [ 10%]
tests/cli/test_background_processes.py::test_print_process_table_handles_missing_fields PASSED [ 10%]
tests/cli/test_background_processes.py::test_print_process_detail_running_duration PASSED [ 10%]
tests/cli/test_background_processes.py::test_format_progress_with_details PASSED [ 10%]
tests/cli/test_cli_modular.py::test_cli_modular_main_uses_default_func PASSED [ 10%]
tests/cli/test_cli_modular.py::test_cli_modular_main_routes_without_default PASSED [ 10%]
tests/cli/test_cli_modular.py::test_cli_modular_unknown_command PASSED   [ 10%]
tests/cli/test_cli_modular.py::test_cli_modular_routes_all_supported_commands PASSED [ 10%]
tests/cli/test_cli_modular.py::test_cli_modular_main_displays_available_commands PASSED [ 10%]
tests/cli/test_cli_modular.py::test_cli_modular_main_honors_overrides PASSED [ 11%]
tests/cli/test_cli_modular.py::test_resolve_handler_lazy_import_success PASSED [ 11%]
tests/cli/test_cli_modular.py::test_resolve_handler_lazy_import_failure PASSED [ 11%]
tests/cli/test_cli_smoke.py::test_handle_discovery_command_invokes_pipeline PASSED [ 11%]
tests/cli/test_cli_smoke.py::test_content_cleaning_analyze_domains_cli PASSED [ 11%]
tests/cli/test_cli_smoke.py::test_handle_telemetry_errors_command PASSED [ 11%]
tests/cli/test_cli_smoke.py::test_handle_telemetry_missing_subcommand PASSED [ 11%]
tests/cli/test_cli_smoke.py::test_handle_telemetry_methods_command PASSED [ 11%]
tests/cli/test_cli_smoke.py::test_handle_telemetry_publishers_command PASSED [ 11%]
tests/cli/test_cli_smoke.py::test_handle_telemetry_fields_command PASSED [ 11%]
tests/cli/test_cli_smoke.py::test_handle_telemetry_command_logs_exception PASSED [ 11%]
tests/cli/test_cli_smoke.py::test_apply_cleaning_reports_when_no_articles PASSED [ 11%]
tests/cli/test_cli_smoke.py::test_clean_article_handles_missing_record PASSED [ 11%]
tests/cli/test_cli_smoke.py::test_main_dispatch_invokes_load_sources PASSED [ 11%]
tests/cli/test_cli_smoke.py::test_main_dispatch_handles_missing_command PASSED [ 11%]
tests/cli/test_cli_smoke.py::test_main_dispatch_invokes_discover_urls PASSED [ 11%]
tests/cli/test_cli_smoke.py::test_apply_cleaning_updates_articles PASSED [ 11%]
tests/cli/test_context.py::test_setup_logging_uses_expected_handlers PASSED [ 11%]
tests/cli/test_context.py::test_trigger_gazetteer_population_success PASSED [ 11%]
tests/cli/test_discovery_cli_defaults.py::test_due_only_defaults_to_false PASSED [ 11%]
tests/cli/test_discovery_cli_defaults.py::test_force_all_flag_exists PASSED [ 11%]
tests/cli/test_discovery_cli_defaults.py::test_due_only_can_be_enabled PASSED [ 11%]
tests/cli/test_discovery_cli_defaults.py::test_dataset_filter_works PASSED [ 11%]
tests/cli/test_discovery_cli_defaults.py::test_source_limit_works PASSED [ 11%]
tests/cli/test_discovery_cli_defaults.py::test_combined_flags PASSED     [ 11%]
tests/cli/test_discovery_cli_defaults.py::test_discovery_status_command_exists PASSED [ 12%]
tests/cli/test_discovery_cli_defaults.py::test_discovery_status_with_dataset PASSED [ 12%]
tests/cli/test_discovery_cli_defaults.py::test_discovery_status_with_verbose PASSED [ 12%]
tests/cli/test_extract_cli_args.py::test_extract_help_has_no_url_positional PASSED [ 12%]
tests/cli/test_extract_cli_args.py::test_extract_url_help_includes_url_positional PASSED [ 12%]
tests/cli/test_extract_cli_args.py::test_extract_command_uses_batch_handler PASSED [ 12%]
tests/cli/test_load_sources_duplicates.py::test_load_sources_fails_on_duplicate_hosts PASSED [ 12%]
tests/cli/test_load_sources_duplicates.py::test_load_sources_fails_on_duplicate_urls PASSED [ 12%]
tests/cli/test_main_entrypoint.py::test_main_forwards_to_modular_cli PASSED [ 12%]
tests/cli/test_main_entrypoint.py::test_main_exports_legacy_symbols PASSED [ 12%]
tests/cli/test_main_entrypoint.py::test_setup_logging_configures_handlers PASSED [ 12%]
tests/cli/test_manual_enqueue.py::test_enqueue_creates_dataset_when_missing PASSED [ 12%]
tests/cli/test_manual_enqueue.py::test_enqueue_reuses_existing_dataset PASSED [ 12%]
tests/cli/test_proxy_cli_masking.py::test_cli_proxy_list_masks_urls PASSED [ 12%]
tests/cli/test_proxy_cli_status_masking.py::test_cli_proxy_status_masks_urls PASSED [ 12%]
tests/crawler/test_cms_metadata_extraction.py::TestNexstarMetadataExtraction::test_extracts_title_and_author PASSED [ 12%]
tests/crawler/test_cms_metadata_extraction.py::TestNexstarMetadataExtraction::test_handles_unicode_in_title PASSED [ 12%]
tests/crawler/test_cms_metadata_extraction.py::TestNexstarMetadataExtraction::test_ignores_empty_fields PASSED [ 12%]
tests/crawler/test_cms_metadata_extraction.py::TestJsonLdMetadataExtraction::test_extracts_from_jsonld_newsarticle PASSED [ 12%]
tests/crawler/test_cms_metadata_extraction.py::TestJsonLdMetadataExtraction::test_extracts_author_from_array PASSED [ 12%]
tests/crawler/test_cms_metadata_extraction.py::TestJsonLdMetadataExtraction::test_extracts_author_as_string PASSED [ 12%]
tests/crawler/test_cms_metadata_extraction.py::TestCmsMetadataPriority::test_jsonld_takes_priority_over_cms_specific PASSED [ 12%]
tests/crawler/test_cms_metadata_extraction.py::TestCmsMetadataPriority::test_cms_specific_used_when_jsonld_missing PASSED [ 12%]
tests/crawler/test_cms_metadata_extraction.py::TestNoMetadataFound::test_no_metadata_returns_none PASSED [ 12%]
tests/crawler/test_cms_metadata_extraction.py::TestNoMetadataFound::test_malformed_json_handled PASSED [ 12%]
tests/crawler/test_cms_metadata_extraction.py::TestMetaTagExtraction::test_extracts_og_title PASSED [ 12%]
tests/crawler/test_cms_metadata_extraction.py::TestMetaTagExtraction::test_extracts_article_author PASSED [ 13%]
tests/crawler/test_cms_metadata_extraction.py::TestMetaTagExtraction::test_handles_alternate_meta_order PASSED [ 13%]
tests/crawler/test_cms_metadata_extraction.py::TestDataLayerExtraction::test_extracts_from_datalayer_push PASSED [ 13%]
tests/crawler/test_cms_metadata_extraction.py::TestDataLayerExtraction::test_extracts_alternate_datalayer_fields PASSED [ 13%]
tests/crawler/test_cms_metadata_extraction.py::TestDataLayerExtraction::test_jsonld_preferred_over_datalayer PASSED [ 13%]
tests/crawler/test_cookie_import.py::test_maybe_import_selenium_cookies_uses_cdp PASSED [ 13%]
tests/crawler/test_cookie_import.py::test_maybe_import_selenium_cookies_fallback_add_cookie PASSED [ 13%]
tests/crawler/test_discovery_coverage.py::test_safe_struct_time_to_datetime_with_valid_struct_time PASSED [ 13%]
tests/crawler/test_discovery_coverage.py::test_safe_struct_time_to_datetime_with_list PASSED [ 13%]
tests/crawler/test_discovery_coverage.py::test_safe_struct_time_to_datetime_with_none PASSED [ 13%]
tests/crawler/test_discovery_coverage.py::test_safe_struct_time_to_datetime_with_empty_list PASSED [ 13%]
tests/crawler/test_discovery_coverage.py::test_safe_struct_time_to_datetime_with_short_list PASSED [ 13%]
tests/crawler/test_discovery_coverage.py::test_safe_struct_time_to_datetime_with_non_integers PASSED [ 13%]
tests/crawler/test_discovery_coverage.py::test_safe_struct_time_to_datetime_with_exception PASSED [ 13%]
tests/crawler/test_discovery_coverage.py::test_coerce_feed_entry_with_string_title PASSED [ 13%]
tests/crawler/test_discovery_coverage.py::test_coerce_feed_entry_with_list_title PASSED [ 13%]
tests/crawler/test_discovery_coverage.py::test_coerce_feed_entry_with_list_title_empty_elements PASSED [ 13%]
tests/crawler/test_discovery_coverage.py::test_coerce_feed_entry_with_missing_fields PASSED [ 13%]
tests/crawler/test_discovery_coverage.py::test_coerce_feed_entry_with_none_title PASSED [ 13%]
tests/crawler/test_discovery_coverage.py::test_coerce_feed_entry_with_published_parsed PASSED [ 13%]
tests/crawler/test_discovery_coverage.py::test_normalize_candidate_url_success PASSED [ 13%]
tests/crawler/test_discovery_coverage.py::test_normalize_candidate_url_exception PASSED [ 13%]
tests/crawler/test_discovery_coverage.py::test_newsDiscovery_init_with_database_url PASSED [ 13%]
tests/crawler/test_discovery_coverage.py::test_newsDiscovery_init_with_custom_params PASSED [ 13%]
tests/crawler/test_discovery_coverage.py::test_newsDiscovery_init_with_cloudscraper PASSED [ 13%]
tests/crawler/test_discovery_coverage.py::test_newsDiscovery_init_without_cloudscraper PASSED [ 13%]
tests/crawler/test_discovery_coverage.py::test_newsDiscovery_init_with_storysniffer PASSED [ 14%]
tests/crawler/test_discovery_coverage.py::test_newsDiscovery_init_storysniffer_exception PASSED [ 14%]
tests/crawler/test_discovery_coverage.py::test_newsDiscovery_init_without_storysniffer PASSED [ 14%]
tests/crawler/test_discovery_coverage.py::test_resolve_database_url_with_explicit_url PASSED [ 14%]
tests/crawler/test_discovery_coverage.py::test_resolve_database_url_with_env_var PASSED [ 14%]
tests/crawler/test_discovery_coverage.py::test_resolve_database_url_ignores_sqlite_memory PASSED [ 14%]
tests/crawler/test_discovery_coverage.py::test_resolve_database_url_pytest_mode PASSED [ 14%]
tests/crawler/test_discovery_coverage.py::test_resolve_database_url_pytest_keep_env PASSED [ 14%]
tests/crawler/test_discovery_coverage.py::test_resolve_database_url_from_config PASSED [ 14%]
tests/crawler/test_discovery_coverage.py::test_normalize_host_with_simple_hostname PASSED [ 14%]
tests/crawler/test_discovery_coverage.py::test_normalize_host_with_none PASSED [ 14%]
tests/crawler/test_discovery_coverage.py::test_normalize_host_with_empty_string PASSED [ 14%]
tests/crawler/test_discovery_coverage.py::test_normalize_host_with_whitespace PASSED [ 14%]
tests/crawler/test_discovery_coverage.py::test_normalize_host_with_url PASSED [ 14%]
tests/crawler/test_discovery_coverage.py::test_normalize_host_with_credentials PASSED [ 14%]
tests/crawler/test_discovery_coverage.py::test_normalize_host_with_www_prefix PASSED [ 14%]
tests/crawler/test_discovery_coverage.py::test_normalize_host_with_port PASSED [ 14%]
tests/crawler/test_discovery_coverage.py::test_normalize_host_with_subdomain PASSED [ 14%]
tests/crawler/test_discovery_coverage.py::test_configure_proxy_routing_with_proxy_pool PASSED [ 14%]
tests/crawler/test_discovery_coverage.py::test_configure_proxy_routing_with_provider_proxies PASSED [ 14%]
tests/crawler/test_discovery_coverage.py::test_create_db_manager PASSED  [ 14%]
tests/crawler/test_discovery_coverage.py::test_reset_rss_failure_state PASSED [ 14%]
tests/crawler/test_discovery_coverage.py::test_reset_rss_failure_state_with_none_source PASSED [ 14%]
tests/crawler/test_discovery_coverage.py::test_reset_rss_failure_state_with_exception PASSED [ 14%]
tests/crawler/test_discovery_coverage.py::test_increment_rss_failure PASSED [ 14%]
tests/crawler/test_discovery_coverage.py::test_increment_rss_failure_with_none_source PASSED [ 14%]
tests/crawler/test_discovery_coverage.py::test_track_transient_rss_failure_basic PASSED [ 15%]
tests/crawler/test_discovery_coverage.py::test_track_transient_rss_failure_with_conn PASSED [ 15%]
tests/crawler/test_discovery_coverage.py::test_track_transient_rss_failure_threshold_exceeded PASSED [ 15%]
tests/crawler/test_discovery_coverage.py::test_track_transient_rss_failure_with_none_source PASSED [ 15%]
tests/crawler/test_discovery_coverage.py::test_track_transient_rss_failure_with_string_json PASSED [ 15%]
tests/crawler/test_discovery_coverage.py::test_update_source_meta_with_conn PASSED [ 15%]
tests/crawler/test_discovery_coverage.py::test_update_source_meta_without_conn PASSED [ 15%]
tests/crawler/test_discovery_coverage.py::test_update_source_meta_with_none_source PASSED [ 15%]
tests/crawler/test_discovery_coverage.py::test_update_source_meta_with_string_json PASSED [ 15%]
tests/crawler/test_discovery_coverage.py::test_update_source_meta_with_none_existing PASSED [ 15%]
tests/crawler/test_discovery_coverage.py::test_update_source_meta_zero_rows_affected PASSED [ 15%]
tests/crawler/test_discovery_coverage.py::test_update_source_meta_with_exception PASSED [ 15%]
tests/crawler/test_discovery_coverage.py::test_discover_from_section_urls_no_sections PASSED [ 15%]
tests/crawler/test_discovery_coverage.py::test_discover_from_section_urls_empty_urls PASSED [ 15%]
tests/crawler/test_discovery_coverage.py::test_discover_from_section_urls_with_exception PASSED [ 15%]
tests/crawler/test_discovery_coverage.py::test_discover_from_section_urls_no_source_id PASSED [ 15%]
tests/crawler/test_discovery_coverage.py::test_newspaper_build_worker_success PASSED [ 15%]
tests/crawler/test_discovery_coverage.py::test_newspaper_build_worker_with_proxy PASSED [ 15%]
tests/crawler/test_discovery_coverage.py::test_newspaper_build_worker_build_failure PASSED [ 15%]
tests/crawler/test_discovery_coverage.py::test_newspaper_build_worker_persist_failure PASSED [ 15%]
tests/crawler/test_discovery_coverage.py::test_newspaper_build_worker_unexpected_error PASSED [ 15%]
tests/crawler/test_discovery_coverage.py::test_discover_with_newspaper4k_filters_external_domains PASSED [ 15%]
tests/crawler/test_discovery_coverage.py::test_set_global_proxy_env_with_proxies PASSED [ 15%]
tests/crawler/test_discovery_coverage.py::test_set_global_proxy_env_with_no_proxies PASSED [ 15%]
tests/crawler/test_discovery_coverage.py::test_set_global_proxy_env_with_http_only PASSED [ 15%]
tests/crawler/test_discovery_coverage.py::test_set_global_proxy_env_with_https_only PASSED [ 15%]
tests/crawler/test_discovery_coverage.py::test_set_global_proxy_env_prefers_http_proxy PASSED [ 16%]
tests/crawler/test_discovery_coverage.py::test_set_global_proxy_env_preserves_none_values PASSED [ 16%]
tests/crawler/test_discovery_helpers.py::test_normalize_host[None-None] PASSED [ 16%]
tests/crawler/test_discovery_helpers.py::test_normalize_host[-None] PASSED [ 16%]
tests/crawler/test_discovery_helpers.py::test_normalize_host[Example.com-example.com] PASSED [ 16%]
tests/crawler/test_discovery_helpers.py::test_normalize_host[https://www.example.com/path-example.com] PASSED [ 16%]
tests/crawler/test_discovery_helpers.py::test_normalize_host[subdomain.example.com:8080-subdomain.example.com] PASSED [ 16%]
tests/crawler/test_discovery_helpers.py::test_normalize_host[ user:pass@www.example.com -example.com] PASSED [ 16%]
tests/crawler/test_discovery_helpers.py::test_iter_host_candidates[one,two , three-expected0] PASSED [ 16%]
tests/crawler/test_discovery_helpers.py::test_iter_host_candidates[value1-expected1] PASSED [ 16%]
tests/crawler/test_discovery_helpers.py::test_iter_host_candidates[value2-expected2] PASSED [ 16%]
tests/crawler/test_discovery_helpers.py::test_iter_host_candidates[value3-expected3] PASSED [ 16%]
tests/crawler/test_discovery_helpers.py::test_collect_allowed_hosts_aggregates_and_normalizes PASSED [ 16%]
tests/crawler/test_discovery_helpers.py::test_should_skip_rss_from_meta[None-expected0] PASSED [ 16%]
tests/crawler/test_discovery_helpers.py::test_should_skip_rss_from_meta[metadata1-expected1] PASSED [ 16%]
tests/crawler/test_discovery_helpers.py::test_should_skip_rss_from_meta[metadata2-expected2] PASSED [ 16%]
tests/crawler/test_discovery_helpers.py::test_should_skip_rss_from_meta[metadata3-expected3] PASSED [ 16%]
tests/crawler/test_discovery_helpers.py::test_should_skip_rss_from_meta[metadata4-expected4] PASSED [ 16%]
tests/crawler/test_discovery_helpers.py::test_extract_homepage_feed_urls_dedupes_and_resolves PASSED [ 16%]
tests/crawler/test_discovery_helpers.py::test_extract_homepage_feed_urls_returns_empty_for_missing_links PASSED [ 16%]
tests/crawler/test_discovery_helpers.py::test_extract_homepage_article_candidates_filters_and_limits PASSED [ 16%]
tests/crawler/test_discovery_helpers.py::test_homepage_candidates_skip_feeds_when_missing PASSED [ 16%]
tests/crawler/test_discovery_helpers.py::test_extract_homepage_article_candidates_honors_limit PASSED [ 16%]
tests/crawler/test_discovery_helpers.py::test_rss_retry_window_days[1-2] PASSED [ 16%]
tests/crawler/test_discovery_helpers.py::test_rss_retry_window_days[4-7] PASSED [ 16%]
tests/crawler/test_discovery_helpers.py::test_rss_retry_window_days[0-2] PASSED [ 17%]
tests/crawler/test_discovery_helpers.py::test_is_recent_article_respects_cutoff PASSED [ 17%]
tests/crawler/test_discovery_helpers.py::test_newspaper_build_worker_writes_urls PASSED [ 17%]
tests/crawler/test_discovery_helpers.py::test_update_source_meta_merges_existing PASSED [ 17%]
tests/crawler/test_discovery_helpers.py::test_increment_rss_failure_increments PASSED [ 17%]
tests/crawler/test_discovery_helpers.py::test_increment_rss_failure_marks_missing PASSED [ 17%]
tests/crawler/test_discovery_helpers.py::test_discover_with_storysniffer_records_success PASSED [ 17%]
tests/crawler/test_discovery_helpers.py::test_discover_with_storysniffer_records_server_error PASSED [ 17%]
tests/crawler/test_discovery_helpers.py::test_discover_with_newspaper4k_records_no_feed PASSED [ 17%]
tests/crawler/test_discovery_helpers.py::test_discover_with_rss_feeds_handles_transient_errors PASSED [ 17%]
tests/crawler/test_discovery_helpers.py::test_discover_with_rss_feeds_returns_empty_on_not_found PASSED [ 17%]
tests/crawler/test_discovery_helpers.py::test_process_source_stores_and_classifies_articles PASSED [ 17%]
tests/crawler/test_discovery_helpers.py::test_source_processor_skips_rss_when_recently_missing PASSED [ 17%]
tests/crawler/test_discovery_helpers.py::test_source_processor_records_network_rss_failure PASSED [ 17%]
tests/crawler/test_discovery_helpers.py::test_source_processor_marks_rss_missing_after_non_network_failure PASSED [ 17%]
tests/crawler/test_discovery_helpers.py::test_source_processor_records_failures_for_downstream_methods PASSED [ 17%]
tests/crawler/test_discovery_helpers.py::test_source_processor_skips_out_of_scope_urls PASSED [ 17%]
tests/crawler/test_discovery_helpers.py::test_source_processor_stores_when_publish_date_parse_fails PASSED [ 17%]
tests/crawler/test_discovery_helpers.py::test_source_processor_continues_when_upsert_raises PASSED [ 17%]
tests/crawler/test_discovery_helpers.py::test_process_source_dedupes_query_urls PASSED [ 17%]
tests/crawler/test_discovery_helpers.py::test_run_discovery_processes_sources PASSED [ 17%]
tests/crawler/test_discovery_helpers.py::test_run_discovery_uuid_filter_returns_empty PASSED [ 17%]
tests/crawler/test_discovery_helpers.py::test_get_existing_urls_filters_by_source_host PASSED [ 17%]
tests/crawler/test_discovery_newsdiscovery_class.py::TestNewsDiscoveryInit::test_init_with_database_url PASSED [ 17%]
tests/crawler/test_discovery_newsdiscovery_class.py::TestNewsDiscoveryInit::test_init_without_cloudscraper PASSED [ 17%]
tests/crawler/test_discovery_newsdiscovery_class.py::TestNewsDiscoveryInit::test_init_without_storysniffer PASSED [ 17%]
tests/crawler/test_discovery_newsdiscovery_class.py::TestNewsDiscoveryInit::test_init_with_proxy_pool PASSED [ 18%]
tests/crawler/test_discovery_newsdiscovery_class.py::TestNewsDiscoveryInit::test_init_custom_user_agent PASSED [ 18%]
tests/crawler/test_discovery_newsdiscovery_class.py::TestNewsDiscoveryInit::test_init_calculates_cutoff_date PASSED [ 18%]
tests/crawler/test_discovery_newsdiscovery_class.py::TestNewsDiscoveryInit::test_init_without_storysniffer_available PASSED [ 18%]
tests/crawler/test_discovery_newsdiscovery_class.py::TestNewsDiscoveryResolveDatabaseUrl::test_returns_candidate_if_provided PASSED [ 18%]
tests/crawler/test_discovery_newsdiscovery_class.py::TestNewsDiscoveryResolveDatabaseUrl::test_uses_env_database_url PASSED [ 18%]
tests/crawler/test_discovery_newsdiscovery_class.py::TestNewsDiscoveryResolveDatabaseUrl::test_ignores_sqlite_memory_in_env PASSED [ 18%]
tests/crawler/test_discovery_newsdiscovery_class.py::TestNewsDiscoveryResolveDatabaseUrl::test_pytest_mode_with_forced_url PASSED [ 18%]
tests/crawler/test_discovery_newsdiscovery_class.py::TestNewsDiscoveryResolveDatabaseUrl::test_pytest_mode_returns_none_without_sqlite PASSED [ 18%]
tests/crawler/test_discovery_newsdiscovery_class.py::TestNewsDiscoveryConfigureProxyRouting::test_proxy_routing_with_env_pool PASSED [ 18%]
tests/crawler/test_discovery_newsdiscovery_class.py::TestNewsDiscoveryConfigureProxyRouting::test_proxy_routing_with_provider_proxies PASSED [ 18%]
tests/crawler/test_discovery_newsdiscovery_class.py::TestNewsDiscoveryConfigureProxyRouting::test_proxy_routing_env_pool_overrides_provider PASSED [ 18%]
tests/crawler/test_discovery_process_source.py::test_process_source_classifies_and_stores_articles PASSED [ 18%]
tests/crawler/test_discovery_rss_failure_tracking.py::TestRSSRetryWindowDays::test_daily_frequency PASSED [ 18%]
tests/crawler/test_discovery_rss_failure_tracking.py::TestRSSRetryWindowDays::test_weekly_frequency PASSED [ 18%]
tests/crawler/test_discovery_rss_failure_tracking.py::TestRSSRetryWindowDays::test_biweekly_frequency PASSED [ 18%]
tests/crawler/test_discovery_rss_failure_tracking.py::TestRSSRetryWindowDays::test_monthly_frequency PASSED [ 18%]
tests/crawler/test_discovery_rss_failure_tracking.py::TestRSSRetryWindowDays::test_hourly_frequency PASSED [ 18%]
tests/crawler/test_discovery_rss_failure_tracking.py::TestRSSRetryWindowDays::test_none_frequency PASSED [ 18%]
tests/crawler/test_discovery_rss_failure_tracking.py::TestRSSRetryWindowDays::test_empty_frequency PASSED [ 18%]
tests/crawler/test_discovery_rss_failure_tracking.py::TestRSSRetryWindowDays::test_unknown_frequency PASSED [ 18%]
tests/crawler/test_discovery_rss_failure_tracking.py::TestRSSRetryWindowDays::test_invalid_frequency_exception PASSED [ 18%]
tests/crawler/test_discovery_rss_failure_tracking.py::TestResetRSSFailureState::test_reset_rss_success_clears_failures PASSED [ 18%]
tests/crawler/test_discovery_rss_failure_tracking.py::TestResetRSSFailureState::test_reset_updates_last_successful_rss PASSED [ 18%]
tests/crawler/test_discovery_rss_failure_tracking.py::TestResetRSSFailureState::test_reset_clears_skip_rss_until PASSED [ 18%]
tests/crawler/test_discovery_rss_failure_tracking.py::TestTrackTransientRSSFailure::test_track_transient_failure_updates_metadata PASSED [ 18%]
tests/crawler/test_discovery_rss_failure_tracking.py::TestTrackTransientRSSFailure::test_track_transient_initializes_miss_count PASSED [ 19%]
tests/crawler/test_discovery_rss_failure_tracking.py::TestTrackTransientRSSFailure::test_track_transient_handles_null_metadata PASSED [ 19%]
tests/crawler/test_discovery_rss_failure_tracking.py::TestTrackTransientRSSFailure::test_track_transient_with_json_string_metadata PASSED [ 19%]
tests/crawler/test_discovery_rss_failure_tracking.py::TestIncrementRSSFailure::test_increment_rss_failure_counter PASSED [ 19%]
tests/crawler/test_discovery_rss_failure_tracking.py::TestIncrementRSSFailure::test_increment_sets_skip_until_after_threshold PASSED [ 19%]
tests/crawler/test_discovery_rss_failure_tracking.py::TestIncrementRSSFailure::test_increment_handles_none_failures PASSED [ 19%]
tests/crawler/test_discovery_rss_failure_tracking.py::TestIncrementRSSFailure::test_increment_uses_frequency_for_retry_window PASSED [ 19%]
tests/crawler/test_discovery_rss_failure_tracking.py::TestIncrementRSSFailure::test_increment_logs_failure_count PASSED [ 19%]
tests/crawler/test_discovery_rss_failure_tracking.py::TestRSSFailureIntegration::test_transient_to_persistent_failure_flow PASSED [ 19%]
tests/crawler/test_discovery_rss_failure_tracking.py::TestRSSFailureIntegration::test_reset_after_success_flow PASSED [ 19%]
tests/crawler/test_discovery_rss_failure_tracking.py::TestRSSFailureEdgeCases::test_concurrent_failure_tracking PASSED [ 19%]
tests/crawler/test_discovery_rss_failure_tracking.py::TestRSSFailureEdgeCases::test_database_error_handling PASSED [ 19%]
tests/crawler/test_discovery_rss_failure_tracking.py::TestRSSFailureEdgeCases::test_malformed_metadata_json PASSED [ 19%]
tests/crawler/test_discovery_section_extraction.py::TestExtractHomepageFeedURLs::test_extract_feed_from_link_tags PASSED [ 19%]
tests/crawler/test_discovery_section_extraction.py::TestExtractHomepageFeedURLs::test_extract_feed_absolutizes_relative_urls PASSED [ 19%]
tests/crawler/test_discovery_section_extraction.py::TestExtractHomepageFeedURLs::test_extract_feed_handles_multiple_feeds PASSED [ 19%]
tests/crawler/test_discovery_section_extraction.py::TestExtractHomepageFeedURLs::test_extract_feed_ignores_non_feed_links PASSED [ 19%]
tests/crawler/test_discovery_section_extraction.py::TestExtractHomepageFeedURLs::test_extract_feed_handles_malformed_html PASSED [ 19%]
tests/crawler/test_discovery_section_extraction.py::TestExtractHomepageFeedURLs::test_extract_feed_from_common_locations PASSED [ 19%]
tests/crawler/test_discovery_section_extraction.py::TestExtractHomepageArticleCandidates::test_extract_articles_from_homepage PASSED [ 19%]
tests/crawler/test_discovery_section_extraction.py::TestExtractHomepageArticleCandidates::test_extract_articles_filters_non_article_links PASSED [ 19%]
tests/crawler/test_discovery_section_extraction.py::TestExtractHomepageArticleCandidates::test_extract_articles_absolutizes_urls PASSED [ 19%]
tests/crawler/test_discovery_section_extraction.py::TestExtractHomepageArticleCandidates::test_extract_articles_deduplicates PASSED [ 19%]
tests/crawler/test_discovery_section_extraction.py::TestExtractHomepageArticleCandidates::test_extract_articles_handles_empty_html PASSED [ 19%]
tests/crawler/test_discovery_section_extraction.py::TestExtractHomepageArticleCandidates::test_extract_articles_filters_external_links PASSED [ 19%]
tests/crawler/test_discovery_section_extraction.py::TestExtractSectionsFromArticleURLs::test_extract_sections_from_url_patterns PASSED [ 19%]
tests/crawler/test_discovery_section_extraction.py::TestExtractSectionsFromArticleURLs::test_extract_sections_handles_single_level PASSED [ 20%]
tests/crawler/test_discovery_section_extraction.py::TestExtractSectionsFromArticleURLs::test_extract_sections_deduplicates PASSED [ 20%]
tests/crawler/test_discovery_section_extraction.py::TestExtractSectionsFromArticleURLs::test_extract_sections_filters_non_section_urls PASSED [ 20%]
tests/crawler/test_discovery_section_extraction.py::TestExtractSectionsFromArticleURLs::test_extract_sections_handles_query_parameters PASSED [ 20%]
tests/crawler/test_discovery_section_extraction.py::TestDiscoverSectionURLs::test_discover_sections_from_navigation PASSED [ 20%]
tests/crawler/test_discovery_section_extraction.py::TestDiscoverSectionURLs::test_discover_sections_absolutizes_relative_urls PASSED [ 20%]
tests/crawler/test_discovery_section_extraction.py::TestDiscoverSectionURLs::test_discover_sections_from_menu_items PASSED [ 20%]
tests/crawler/test_discovery_section_extraction.py::TestDiscoverSectionURLs::test_discover_sections_filters_non_section_links PASSED [ 20%]
tests/crawler/test_discovery_section_extraction.py::TestDiscoverSectionURLs::test_discover_sections_handles_dropdown_menus PASSED [ 20%]
tests/crawler/test_discovery_section_extraction.py::TestDiscoverSectionURLs::test_discover_sections_handles_malformed_html PASSED [ 20%]
tests/crawler/test_discovery_section_extraction.py::TestDiscoverSectionURLs::test_discover_sections_empty_html PASSED [ 20%]
tests/crawler/test_discovery_section_extraction.py::TestSectionDiscoveryIntegration::test_combine_navigation_and_article_sections PASSED [ 20%]
tests/crawler/test_discovery_section_extraction.py::TestSectionDiscoveryIntegration::test_feed_and_section_discovery_together PASSED [ 20%]
tests/crawler/test_discovery_section_extraction.py::TestSectionDiscoveryEdgeCases::test_handles_javascript_navigation PASSED [ 20%]
tests/crawler/test_discovery_section_extraction.py::TestSectionDiscoveryEdgeCases::test_unicode_section_urls PASSED [ 20%]
tests/crawler/test_discovery_section_extraction.py::TestSectionDiscoveryEdgeCases::test_very_long_section_paths PASSED [ 20%]
tests/crawler/test_discovery_section_extraction.py::TestSectionDiscoveryEdgeCases::test_sections_with_special_characters PASSED [ 20%]
tests/crawler/test_discovery_sqlite_compat.py::test_get_sources_query_works_on_sqlite PASSED [ 20%]
tests/crawler/test_discovery_sqlite_compat.py::test_dataset_filtering_works_on_sqlite PASSED [ 20%]
tests/crawler/test_discovery_sqlite_compat.py::test_invalid_dataset_returns_empty_with_error PASSED [ 20%]
tests/crawler/test_discovery_sqlite_compat.py::test_due_only_filtering_on_sqlite PASSED [ 20%]
tests/crawler/test_discovery_sqlite_compat.py::test_database_dialect_detection PASSED [ 20%]
tests/crawler/test_discovery_utility_functions.py::TestSafeStructTimeToDatetime::test_converts_struct_time PASSED [ 20%]
tests/crawler/test_discovery_utility_functions.py::TestSafeStructTimeToDatetime::test_converts_tuple PASSED [ 20%]
tests/crawler/test_discovery_utility_functions.py::TestSafeStructTimeToDatetime::test_handles_none PASSED [ 20%]
tests/crawler/test_discovery_utility_functions.py::TestSafeStructTimeToDatetime::test_handles_invalid_input PASSED [ 20%]
tests/crawler/test_discovery_utility_functions.py::TestCoerceFeedEntry::test_normalizes_basic_entry PASSED [ 21%]
tests/crawler/test_discovery_utility_functions.py::TestCoerceFeedEntry::test_handles_list_title PASSED [ 21%]
tests/crawler/test_discovery_utility_functions.py::TestCoerceFeedEntry::test_handles_empty_list_title PASSED [ 21%]
tests/crawler/test_discovery_utility_functions.py::TestCoerceFeedEntry::test_handles_struct_time_published PASSED [ 21%]
tests/crawler/test_discovery_utility_functions.py::TestCoerceFeedEntry::test_handles_string_published PASSED [ 21%]
tests/crawler/test_discovery_utility_functions.py::TestCoerceFeedEntry::test_handles_missing_fields PASSED [ 21%]
tests/crawler/test_discovery_utility_functions.py::TestGetSourcesFromDb::test_returns_empty_list_on_database_error PASSED [ 21%]
tests/crawler/test_discovery_utility_functions.py::TestRssThresholds::test_thresholds_defined PASSED [ 21%]
tests/crawler/test_proxy_config.py::TestProxyConfig::test_initialization PASSED [ 21%]
tests/crawler/test_proxy_config.py::TestProxyConfig::test_success_rate_and_health PASSED [ 21%]
tests/crawler/test_proxy_config.py::TestProxyManager::test_initialization_defaults PASSED [ 21%]
tests/crawler/test_proxy_config.py::TestProxyManager::test_initialization_with_standard_proxy PASSED [ 21%]
tests/crawler/test_proxy_config.py::TestProxyManager::test_initialization_with_socks5_proxy PASSED [ 21%]
tests/crawler/test_proxy_config.py::TestProxyManager::test_initialization_with_scraper_api PASSED [ 21%]
tests/crawler/test_proxy_config.py::TestProxyManager::test_initialization_with_brightdata PASSED [ 21%]
tests/crawler/test_proxy_config.py::TestProxyManager::test_initialization_with_smartproxy PASSED [ 21%]
tests/crawler/test_proxy_config.py::TestProxyManager::test_active_provider_aliases PASSED [ 21%]
tests/crawler/test_proxy_config.py::TestProxyManager::test_active_provider_fallbacks PASSED [ 21%]
tests/crawler/test_proxy_config.py::TestProxyManager::test_switch_provider PASSED [ 21%]
tests/crawler/test_proxy_config.py::TestProxyManager::test_switch_provider_not_configured PASSED [ 21%]
tests/crawler/test_proxy_config.py::TestProxyManager::test_list_providers PASSED [ 21%]
tests/crawler/test_proxy_config.py::TestProxyManager::test_record_success_and_failure PASSED [ 21%]
tests/crawler/test_proxy_config.py::TestProxyManager::test_get_requests_proxies PASSED [ 21%]
tests/crawler/test_proxy_config.py::TestGlobalFunctions::test_get_proxy_manager_singleton PASSED [ 21%]
tests/crawler/test_proxy_config.py::TestGlobalFunctions::test_switch_proxy_function PASSED [ 21%]
tests/crawler/test_proxy_config.py::TestGlobalFunctions::test_switch_proxy_unknown_provider PASSED [ 21%]
tests/crawler/test_proxy_config.py::TestGlobalFunctions::test_get_proxy_status PASSED [ 22%]
tests/crawler/test_proxy_config.py::TestProxyConfigEdgeCases::test_success_rate_with_zero_requests PASSED [ 22%]
tests/crawler/test_proxy_config.py::TestProxyConfigEdgeCases::test_health_status_boundaries PASSED [ 22%]
tests/crawler/test_proxy_config.py::TestProxyConfigEdgeCases::test_switch_provider_to_disabled_provider PASSED [ 22%]
tests/crawler/test_proxy_config.py::TestProxyConfigEdgeCases::test_record_success_updates_avg_response_time PASSED [ 22%]
tests/crawler/test_proxy_config.py::TestProxyConfigEdgeCases::test_get_requests_proxies_with_auth_injection PASSED [ 22%]
tests/crawler/test_proxy_config.py::TestProxyConfigEdgeCases::test_get_requests_proxies_with_username_no_password PASSED [ 22%]
tests/crawler/test_proxy_config.py::TestProxyConfigEdgeCases::test_get_requests_proxies_url_without_protocol PASSED [ 22%]
tests/crawler/test_proxy_config.py::TestProxyConfigEdgeCases::test_active_provider_with_explicit_enum_value PASSED [ 22%]
tests/crawler/test_proxy_config.py::TestProxyConfigEdgeCases::test_active_provider_case_insensitive PASSED [ 22%]
tests/crawler/test_proxy_config.py::TestProxyConfigEdgeCases::test_list_providers_shows_all_metrics PASSED [ 22%]
tests/crawler/test_proxy_config.py::TestProxyConfigEdgeCases::test_record_failure_for_specific_provider PASSED [ 22%]
tests/crawler/test_proxy_config_masking.py::test_proxy_manager_list_providers_masks_urls PASSED [ 22%]
tests/crawler/test_proxy_utils.py::test_mask_proxy_url_masks_password PASSED [ 22%]
tests/crawler/test_proxy_utils.py::test_mask_proxy_url_no_credentials PASSED [ 22%]
tests/crawler/test_proxy_utils.py::test_mask_proxy_url_none_returns_none PASSED [ 22%]
tests/crawler/test_proxy_utils.py::test_mask_proxy_url_empty_string_returns_none PASSED [ 22%]
tests/crawler/test_proxy_utils.py::test_mask_proxy_url_preserves_scheme PASSED [ 22%]
tests/crawler/test_proxy_utils.py::test_mask_proxy_url_without_port PASSED [ 22%]
tests/crawler/test_proxy_utils.py::test_mask_proxy_url_with_username_only PASSED [ 22%]
tests/crawler/test_proxy_utils.py::test_mask_proxy_url_special_chars_in_password PASSED [ 22%]
tests/crawler/test_proxy_utils.py::test_mask_proxy_url_malformed_url_returns_redacted PASSED [ 22%]
tests/crawler/test_proxy_utils.py::test_mask_proxy_url_with_ipv4_address PASSED [ 22%]
tests/crawler/test_proxy_utils.py::test_mask_proxy_url_with_localhost PASSED [ 22%]
tests/crawler/test_proxy_utils.py::test_mask_proxy_url_complex_password PASSED [ 22%]
tests/crawler/test_proxy_utils.py::test_mask_proxy_url_url_encoded_password PASSED [ 23%]
tests/crawler/test_scheduling.py::test_parse_frequency_to_days[None-7] PASSED [ 23%]
tests/crawler/test_scheduling.py::test_parse_frequency_to_days[-7] PASSED [ 23%]
tests/crawler/test_scheduling.py::test_parse_frequency_to_days[Daily updates-0.25] PASSED [ 23%]
tests/crawler/test_scheduling.py::test_parse_frequency_to_days[Broadcast-0.25] PASSED [ 23%]
tests/crawler/test_scheduling.py::test_parse_frequency_to_days[Bi-weekly-7] PASSED [ 23%]
tests/crawler/test_scheduling.py::test_parse_frequency_to_days[Weekly-1] PASSED [ 23%]
tests/crawler/test_scheduling.py::test_parse_frequency_to_days[Triweekly-3.5] PASSED [ 23%]
tests/crawler/test_scheduling.py::test_parse_frequency_to_days[Monthly-7] PASSED [ 23%]
tests/crawler/test_scheduling.py::test_parse_frequency_to_days[Hourly-0.25] PASSED [ 23%]
tests/crawler/test_scheduling.py::test_parse_frequency_to_days[Other-7] PASSED [ 23%]
tests/crawler/test_scheduling.py::test_parse_frequency_to_discovery_days[None-7] PASSED [ 23%]
tests/crawler/test_scheduling.py::test_parse_frequency_to_discovery_days[-7] PASSED [ 23%]
tests/crawler/test_scheduling.py::test_parse_frequency_to_discovery_days[Daily updates-0.25] PASSED [ 23%]
tests/crawler/test_scheduling.py::test_parse_frequency_to_discovery_days[Broadcast-0.25] PASSED [ 23%]
tests/crawler/test_scheduling.py::test_parse_frequency_to_discovery_days[Bi-weekly-7] PASSED [ 23%]
tests/crawler/test_scheduling.py::test_parse_frequency_to_discovery_days[Weekly-1] PASSED [ 23%]
tests/crawler/test_scheduling.py::test_parse_frequency_to_discovery_days[Triweekly-3.5] PASSED [ 23%]
tests/crawler/test_scheduling.py::test_parse_frequency_to_discovery_days[Monthly-7] PASSED [ 23%]
tests/crawler/test_scheduling.py::test_parse_frequency_to_discovery_days[Hourly-0.25] PASSED [ 23%]
tests/crawler/test_scheduling.py::test_parse_frequency_to_discovery_days[Other-7] PASSED [ 23%]
tests/crawler/test_scheduling.py::test_parse_frequency_to_publication_days[None-7] PASSED [ 23%]
tests/crawler/test_scheduling.py::test_parse_frequency_to_publication_days[-7] PASSED [ 23%]
tests/crawler/test_scheduling.py::test_parse_frequency_to_publication_days[Daily updates-1] PASSED [ 23%]
tests/crawler/test_scheduling.py::test_parse_frequency_to_publication_days[Broadcast-1] PASSED [ 23%]
tests/crawler/test_scheduling.py::test_parse_frequency_to_publication_days[Bi-weekly-14] PASSED [ 23%]
tests/crawler/test_scheduling.py::test_parse_frequency_to_publication_days[Weekly-7] PASSED [ 24%]
tests/crawler/test_scheduling.py::test_parse_frequency_to_publication_days[Triweekly-7] PASSED [ 24%]
tests/crawler/test_scheduling.py::test_parse_frequency_to_publication_days[Monthly-30] PASSED [ 24%]
tests/crawler/test_scheduling.py::test_parse_frequency_to_publication_days[Hourly-0.25] PASSED [ 24%]
tests/crawler/test_scheduling.py::test_parse_frequency_to_publication_days[Other-7] PASSED [ 24%]
tests/crawler/test_scheduling.py::test_get_last_processed_date_returns_datetime PASSED [ 24%]
tests/crawler/test_scheduling.py::test_get_last_processed_date_parses_iso_string PASSED [ 24%]
tests/crawler/test_scheduling.py::test_get_last_processed_date_handles_missing_rows[None] PASSED [ 24%]
tests/crawler/test_scheduling.py::test_get_last_processed_date_handles_missing_rows[db_rows1] PASSED [ 24%]
tests/crawler/test_scheduling.py::test_get_last_processed_date_handles_missing_rows[db_rows2] PASSED [ 24%]
tests/crawler/test_scheduling.py::test_get_last_processed_date_swallows_errors PASSED [ 24%]
tests/crawler/test_scheduling.py::test_should_schedule_discovery_returns_true_without_history PASSED [ 24%]
tests/crawler/test_scheduling.py::test_should_schedule_discovery_uses_last_discovery_timestamp PASSED [ 24%]
tests/crawler/test_scheduling.py::test_should_schedule_discovery_respects_cadence PASSED [ 24%]
tests/crawler/test_scheduling.py::test_should_schedule_discovery_returns_false_when_not_due PASSED [ 24%]
tests/crawler/test_scheduling.py::test_should_schedule_discovery_handles_bad_meta PASSED [ 24%]
tests/crawler/test_scheduling.py::TestSchedulingEdgeCases::test_parse_frequency_to_days_case_insensitive[DAILY-0.25] PASSED [ 24%]
tests/crawler/test_scheduling.py::TestSchedulingEdgeCases::test_parse_frequency_to_days_case_insensitive[daily-0.25] PASSED [ 24%]
tests/crawler/test_scheduling.py::TestSchedulingEdgeCases::test_parse_frequency_to_days_case_insensitive[DaIlY uPdAtEs-0.25] PASSED [ 24%]
tests/crawler/test_scheduling.py::TestSchedulingEdgeCases::test_parse_frequency_to_days_case_insensitive[broadcast news-0.25] PASSED [ 24%]
tests/crawler/test_scheduling.py::TestSchedulingEdgeCases::test_parse_frequency_to_days_case_insensitive[WEEKLY-1] PASSED [ 24%]
tests/crawler/test_scheduling.py::TestSchedulingEdgeCases::test_parse_frequency_to_days_case_insensitive[Biweekly-7] PASSED [ 24%]
tests/crawler/test_scheduling.py::TestSchedulingEdgeCases::test_parse_frequency_to_days_case_insensitive[Bi-Weekly-7] PASSED [ 24%]
tests/crawler/test_scheduling.py::TestSchedulingEdgeCases::test_parse_frequency_to_days_case_insensitive[monthly newsletter-7] PASSED [ 24%]
tests/crawler/test_scheduling.py::TestSchedulingEdgeCases::test_parse_frequency_to_days_case_insensitive[unknown frequency-7] PASSED [ 24%]
tests/crawler/test_scheduling.py::TestSchedulingEdgeCases::test_parse_frequency_to_days_with_whitespace PASSED [ 24%]
tests/crawler/test_scheduling.py::TestSchedulingEdgeCases::test_get_last_processed_date_with_invalid_iso_string PASSED [ 25%]
tests/crawler/test_scheduling.py::TestSchedulingEdgeCases::test_should_schedule_discovery_at_exact_boundary PASSED [ 25%]
tests/crawler/test_scheduling.py::TestSchedulingEdgeCases::test_should_schedule_discovery_just_before_boundary PASSED [ 25%]
tests/crawler/test_scheduling.py::TestSchedulingEdgeCases::test_should_schedule_discovery_with_empty_frequency PASSED [ 25%]
tests/crawler/test_scheduling.py::TestSchedulingEdgeCases::test_should_schedule_discovery_with_last_discovery_at_malformed PASSED [ 25%]
tests/crawler/test_scheduling.py::TestSchedulingEdgeCases::test_should_schedule_discovery_with_future_last_processed PASSED [ 25%]
tests/crawler/test_scheduling.py::TestSchedulingEdgeCases::test_should_schedule_discovery_with_none_metadata PASSED [ 25%]
tests/crawler/test_section_discovery.py::TestSectionDiscovery::test_discover_section_urls_empty_html PASSED [ 25%]
tests/crawler/test_section_discovery.py::TestSectionDiscovery::test_discover_section_urls_no_sections PASSED [ 25%]
tests/crawler/test_section_discovery.py::TestSectionDiscovery::test_discover_section_urls_basic_sections PASSED [ 25%]
tests/crawler/test_section_discovery.py::TestSectionDiscovery::test_discover_section_urls_relative_paths PASSED [ 25%]
tests/crawler/test_section_discovery.py::TestSectionDiscovery::test_discover_section_urls_filters_rss_feeds PASSED [ 25%]
tests/crawler/test_section_discovery.py::TestSectionDiscovery::test_discover_section_urls_same_domain_only PASSED [ 25%]
tests/crawler/test_section_discovery.py::TestSectionDiscovery::test_discover_section_urls_deduplicates PASSED [ 25%]
tests/crawler/test_section_discovery.py::TestSectionDiscovery::test_discover_section_urls_limits_results PASSED [ 25%]
tests/crawler/test_section_discovery.py::TestSectionDiscovery::test_discover_section_urls_nav_element PASSED [ 25%]
tests/crawler/test_section_discovery.py::TestSectionDiscovery::test_discover_section_urls_menu_element PASSED [ 25%]
tests/crawler/test_section_discovery.py::TestSectionDiscovery::test_discover_section_urls_div_with_nav_class PASSED [ 25%]
tests/crawler/test_section_discovery.py::TestSectionDiscovery::test_discover_section_urls_case_insensitive PASSED [ 25%]
tests/crawler/test_section_discovery.py::TestSectionDiscovery::test_discover_section_urls_common_patterns PASSED [ 25%]
tests/crawler/test_section_discovery.py::TestSectionDiscovery::test_discover_section_urls_skips_non_http_protocols PASSED [ 25%]
tests/crawler/test_section_discovery.py::TestSectionDiscovery::test_discover_section_urls_strips_query_params PASSED [ 25%]
tests/crawler/test_section_discovery.py::TestSectionDiscovery::test_discover_section_urls_real_world_example PASSED [ 25%]
tests/crawler/test_selenium_timeout_fix.py::TestSeleniumTimeoutFix::test_stealth_driver_timeout_is_set_to_30_seconds SKIPPED [ 25%]
tests/crawler/test_selenium_timeout_fix.py::TestSeleniumTimeoutFix::test_undetected_driver_timeout_is_set_to_30_seconds SKIPPED [ 25%]
tests/crawler/test_selenium_timeout_fix.py::TestSeleniumTimeoutFix::test_timeout_fix_prevents_147_second_delay PASSED [ 25%]
tests/crawler/test_selenium_timeout_fix.py::TestSeleniumPageLoadStrategy::test_stealth_driver_uses_eager_page_load_strategy PASSED [ 26%]
tests/crawler/test_selenium_timeout_fix.py::TestSeleniumPageLoadStrategy::test_window_stop_called_after_page_source_extraction PASSED [ 26%]
tests/crawler/test_shared_chromedriver.py::TestSharedChromeDriver::test_shared_driver_initialization PASSED [ 26%]
tests/crawler/test_shared_chromedriver.py::TestSharedChromeDriver::test_shared_driver_creation_count PASSED [ 26%]
tests/crawler/test_shared_chromedriver.py::TestSharedChromeDriver::test_shared_driver_reuse_count PASSED [ 26%]
tests/crawler/test_shared_chromedriver.py::TestSharedChromeDriver::test_multiple_extractors_share_driver_reference PASSED [ 26%]
tests/crawler/test_shared_chromedriver.py::TestSharedChromeDriver::test_driver_reuse_limit_from_env PASSED [ 26%]
tests/crawler/test_shared_chromedriver.py::TestSharedChromeDriver::test_get_persistent_driver_uses_class_variable PASSED [ 26%]
tests/crawler/test_shared_chromedriver.py::TestSharedChromeDriver::test_close_persistent_driver_resets_class_variable PASSED [ 26%]
tests/crawler/test_shared_chromedriver.py::TestSubscriptionWallDetection::test_subscription_keywords_detected PASSED [ 26%]
tests/crawler/test_shared_chromedriver.py::TestSubscriptionWallDetection::test_subscription_wall_detection_called PASSED [ 26%]
tests/crawler/test_shared_chromedriver.py::TestSubscriptionWallDetection::test_navigation_continues_with_subscription_wall PASSED [ 26%]
tests/crawler/test_shared_chromedriver.py::TestCaptchaVsSubscriptionDifferentiation::test_recaptcha_without_subscription_is_blocking PASSED [ 26%]
tests/crawler/test_shared_chromedriver.py::TestCaptchaVsSubscriptionDifferentiation::test_recaptcha_with_subscription_is_non_blocking PASSED [ 26%]
tests/crawler/test_shared_chromedriver.py::TestScreenshotCapture::test_captcha_screenshot_directory_created PASSED [ 26%]
tests/crawler/test_shared_chromedriver.py::TestScreenshotCapture::test_paywall_screenshot_directory_created PASSED [ 26%]
tests/crawler/test_shared_chromedriver.py::TestExtractionWithSubscriptionWall::test_extraction_continues_despite_subscription_wall PASSED [ 26%]
tests/crawler/test_shared_chromedriver.py::TestExtractionWithSubscriptionWall::test_human_behavior_navigation_succeeds_with_wall PASSED [ 26%]
tests/crawler/test_shared_chromedriver.py::TestGetDriverStats::test_driver_stats_uses_class_variables PASSED [ 26%]
tests/crawler/test_shared_chromedriver.py::TestGetDriverStats::test_driver_stats_reset_on_close PASSED [ 26%]
tests/crawler/test_shared_chromedriver.py::TestChromeDriverNoConflicts::test_no_duplicate_driver_creation PASSED [ 26%]
tests/crawler/test_shared_chromedriver.py::TestChromeDriverNoConflicts::test_driver_not_instance_specific PASSED [ 26%]
tests/crawler/test_source_processing_internals.py::test_source_processor_prioritizes_last_successful_method PASSED [ 26%]
tests/crawler/test_source_processing_internals.py::test_source_processor_should_skip_rss_when_recent_missing PASSED [ 26%]
tests/crawler/test_source_processing_internals.py::test_store_candidates_classification PASSED [ 26%]
tests/crawler/test_source_processing_internals.py::test_accurate_logging_when_historical_data_exists_but_no_effective_methods PASSED [ 26%]
tests/crawler/test_structured_metadata_wire_detection.py::TestOpenGraphDistributorDetection::test_distributor_category_wires PASSED [ 27%]
tests/crawler/test_structured_metadata_wire_detection.py::TestOpenGraphDistributorDetection::test_distributor_category_alternate_order PASSED [ 27%]
tests/crawler/test_structured_metadata_wire_detection.py::TestOpenGraphDistributorDetection::test_distributor_category_not_wires PASSED [ 27%]
tests/crawler/test_structured_metadata_wire_detection.py::TestCanonicalUrlCrossDomainDetection::test_canonical_to_healthday PASSED [ 27%]
tests/crawler/test_structured_metadata_wire_detection.py::TestCanonicalUrlCrossDomainDetection::test_canonical_to_ap PASSED [ 27%]
tests/crawler/test_structured_metadata_wire_detection.py::TestCanonicalUrlCrossDomainDetection::test_canonical_same_domain_no_detection PASSED [ 27%]
tests/crawler/test_structured_metadata_wire_detection.py::TestCanonicalUrlCrossDomainDetection::test_canonical_cross_domain_unknown_service PASSED [ 27%]
tests/crawler/test_structured_metadata_wire_detection.py::TestJsonLdAuthorDetection::test_author_array_with_ap PASSED [ 27%]
tests/crawler/test_structured_metadata_wire_detection.py::TestJsonLdAuthorDetection::test_author_string_cnn PASSED [ 27%]
tests/crawler/test_structured_metadata_wire_detection.py::TestJsonLdAuthorDetection::test_author_with_outlet_suffix PASSED [ 27%]
tests/crawler/test_structured_metadata_wire_detection.py::TestMetaAuthorDetection::test_meta_author_with_ap_suffix PASSED [ 27%]
tests/crawler/test_structured_metadata_wire_detection.py::TestMetaAuthorDetection::test_meta_author_multiple_with_wire PASSED [ 27%]
tests/crawler/test_structured_metadata_wire_detection.py::TestMetaAuthorDetection::test_meta_author_local_reporter PASSED [ 27%]
tests/crawler/test_structured_metadata_wire_detection.py::TestDataLayerSyndicationDetection::test_tncms_syndication_source PASSED [ 27%]
tests/crawler/test_structured_metadata_wire_detection.py::TestDataLayerSyndicationDetection::test_townnews_content_source PASSED [ 27%]
tests/crawler/test_structured_metadata_wire_detection.py::TestJsonLdSyndicationSignals::test_is_based_on_usatoday PASSED [ 27%]
[...]
tests/services/llm/test_orchestrator.py::test_generate_collects_failures_and_falls_back[error1-configuration] PASSED [ 40%]
tests/services/llm/test_orchestrator.py::test_generate_collects_failures_and_falls_back[error2-provider] PASSED [ 40%]
tests/services/llm/test_orchestrator.py::test_generate_returns_failures_when_all_providers_fail PASSED [ 40%]
tests/services/llm/test_orchestrator.py::test_generate_uses_task_config_values PASSED [ 40%]
tests/services/llm/test_orchestrator.py::test_vector_store_records_success PASSED [ 40%]
tests/services/llm/test_orchestrator.py::test_vector_store_failure_is_swallowed PASSED [ 40%]
tests/services/llm/test_providers.py::TestImportModule::test_imports_existing_module PASSED [ 40%]
tests/services/llm/test_providers.py::TestImportModule::test_returns_none_for_missing_module PASSED [ 40%]
tests/services/llm/test_providers.py::TestGPT41Provider::test_provider_attributes PASSED [ 40%]
tests/services/llm/test_providers.py::TestGPT41Provider::test_is_available_with_api_key PASSED [ 40%]
tests/services/llm/test_providers.py::TestGPT41Provider::test_is_available_without_api_key PASSED [ 40%]
tests/services/llm/test_providers.py::TestGPT41Provider::test_client_tuple_with_missing_module PASSED [ 40%]
tests/services/llm/test_providers.py::TestGPT41Provider::test_client_tuple_with_module PASSED [ 40%]
tests/services/llm/test_providers.py::TestGPT41Provider::test_generate_raises_config_error_no_client PASSED [ 40%]
tests/services/llm/test_providers.py::TestGPT41Provider::test_generate_raises_config_error_no_key PASSED [ 40%]
tests/services/llm/test_providers.py::TestGPT41Provider::test_generate_success PASSED [ 40%]
tests/services/llm/test_providers.py::TestGPT41Provider::test_client_tuple_missing_openai_class PASSED [ 40%]
tests/services/llm/test_providers.py::TestGPT41Provider::test_generate_converts_rate_limit_error PASSED [ 40%]
tests/services/llm/test_providers.py::TestGPT41Provider::test_generate_converts_provider_error PASSED [ 40%]
tests/services/llm/test_providers.py::TestGPT4MiniProvider::test_provider_attributes PASSED [ 40%]
tests/services/llm/test_providers.py::TestClaude35SonnetProvider::test_provider_attributes PASSED [ 40%]
tests/services/llm/test_providers.py::TestClaude35SonnetProvider::test_is_available_with_api_key PASSED [ 41%]
tests/services/llm/test_providers.py::TestClaude35SonnetProvider::test_is_available_without_api_key PASSED [ 41%]
tests/services/llm/test_providers.py::TestClaude35SonnetProvider::test_generate_success PASSED [ 41%]
tests/services/llm/test_providers.py::TestClaude35SonnetProvider::test_client_tuple_handles_missing_module PASSED [ 41%]
tests/services/llm/test_providers.py::TestClaude35SonnetProvider::test_client_tuple_handles_missing_class PASSED [ 41%]
tests/services/llm/test_providers.py::TestClaude35SonnetProvider::test_generate_missing_client_raises_configuration PASSED [ 41%]
tests/services/llm/test_providers.py::TestClaude35SonnetProvider::test_generate_missing_api_key PASSED [ 41%]
tests/services/llm/test_providers.py::TestClaude35SonnetProvider::test_generate_translates_rate_limit PASSED [ 41%]
tests/services/llm/test_providers.py::TestClaude35SonnetProvider::test_generate_translates_client_error PASSED [ 41%]
tests/services/llm/test_providers.py::TestGemini15FlashProvider::test_provider_attributes PASSED [ 41%]
tests/services/llm/test_providers.py::TestGemini15FlashProvider::test_is_available_with_api_key PASSED [ 41%]
tests/services/llm/test_providers.py::TestGemini15FlashProvider::test_is_available_without_api_key PASSED [ 41%]
tests/services/llm/test_providers.py::TestGemini15FlashProvider::test_client_tuple_missing_module PASSED [ 41%]
tests/services/llm/test_providers.py::TestGemini15FlashProvider::test_client_tuple_missing_helpers PASSED [ 41%]
tests/services/llm/test_providers.py::TestGemini15FlashProvider::test_client_tuple_success_configures_client PASSED [ 41%]
tests/services/llm/test_providers.py::TestGemini15FlashProvider::test_generate_missing_client_raises_configuration PASSED [ 41%]
tests/services/llm/test_providers.py::TestGemini15FlashProvider::test_generate_missing_api_key PASSED [ 41%]
tests/services/llm/test_providers.py::TestGemini15FlashProvider::test_generate_translates_client_error PASSED [ 41%]
tests/services/llm/test_providers.py::TestGemini15FlashProvider::test_generate_success PASSED [ 41%]
tests/services/llm/test_providers.py::TestProviderRegistry::test_registry_contains_default_providers PASSED [ 41%]
tests/services/llm/test_providers.py::TestProviderRegistry::test_create_provider_success PASSED [ 41%]
tests/services/llm/test_providers.py::TestProviderRegistry::test_create_provider_unknown PASSED [ 41%]
tests/services/llm/test_providers.py::TestProviderRegistry::test_register_custom_provider PASSED [ 41%]
tests/services/llm/test_providers.py::TestResponseCoalescing::test_coalesce_response_text_output_text PASSED [ 41%]
tests/services/llm/test_providers.py::TestResponseCoalescing::test_coalesce_response_text_choices PASSED [ 41%]
tests/services/llm/test_providers.py::TestResponseCoalescing::test_coalesce_response_text_output_list PASSED [ 41%]
tests/services/llm/test_providers.py::TestResponseCoalescing::test_coalesce_response_text_output_scalar PASSED [ 42%]
tests/services/llm/test_providers.py::TestResponseCoalescing::test_coalesce_response_text_empty PASSED [ 42%]
tests/services/llm/test_providers.py::TestResponseCoalescing::test_coalesce_claude_text_content_list PASSED [ 42%]
tests/services/llm/test_providers.py::TestResponseCoalescing::test_coalesce_claude_text_direct_text PASSED [ 42%]
tests/services/llm/test_providers.py::TestResponseCoalescing::test_coalesce_gemini_text_candidates PASSED [ 42%]
tests/services/llm/test_providers.py::TestResponseCoalescing::test_coalesce_gemini_text_direct_text PASSED [ 42%]
tests/services/llm/test_settings.py::test_parse_provider_order_variants PASSED [ 42%]
tests/services/llm/test_settings.py::test_vector_store_settings_known_providers PASSED [ 42%]
tests/services/llm/test_settings.py::test_vector_store_settings_generic_provider PASSED [ 42%]
tests/services/llm/test_settings.py::test_vector_store_settings_missing_options_returns_none PASSED [ 42%]
tests/services/llm/test_settings.py::test_load_llm_settings_aggregates_environment PASSED [ 42%]
tests/services/llm/test_vectorstores.py::TestVectorStore::test_vector_store_interface PASSED [ 42%]
tests/services/llm/test_vectorstores.py::TestNoOpVectorStore::test_initialization PASSED [ 42%]
tests/services/llm/test_vectorstores.py::TestNoOpVectorStore::test_initialization_with_defaults PASSED [ 42%]
tests/services/llm/test_vectorstores.py::TestNoOpVectorStore::test_store_records_event PASSED [ 42%]
tests/services/llm/test_vectorstores.py::TestNoOpVectorStore::test_store_multiple_events PASSED [ 42%]
tests/services/llm/test_vectorstores.py::TestCreateVectorStore::test_create_pinecone_missing_api_key PASSED [ 42%]
tests/services/llm/test_vectorstores.py::TestCreateVectorStore::test_create_pinecone_missing_index PASSED [ 42%]
tests/services/llm/test_vectorstores.py::TestCreateVectorStore::test_create_pinecone_all_options PASSED [ 42%]
tests/services/llm/test_vectorstores.py::TestCreateVectorStore::test_create_weaviate_missing_url PASSED [ 42%]
tests/services/llm/test_vectorstores.py::TestCreateVectorStore::test_create_weaviate_with_url PASSED [ 42%]
tests/services/llm/test_vectorstores.py::TestCreateVectorStore::test_create_unknown_provider PASSED [ 42%]
tests/services/llm/test_vectorstores.py::TestVectorStoreFactory::test_create_with_none_settings PASSED [ 42%]
tests/services/llm/test_vectorstores.py::TestVectorStoreFactory::test_create_with_disabled_settings PASSED [ 42%]
tests/services/llm/test_vectorstores.py::TestVectorStoreFactory::test_create_with_enabled_pinecone PASSED [ 42%]
tests/services/llm/test_vectorstores.py::TestVectorStoreFactory::test_create_with_enabled_weaviate PASSED [ 42%]
tests/services/llm/test_vectorstores.py::TestVectorStoreFactory::test_vector_store_is_functional PASSED [ 43%]
tests/services/test_classification_service_unit.py::test_prepare_text_prefers_first_non_empty_field PASSED [ 43%]
tests/services/test_classification_service_unit.py::test_apply_classification_returns_empty_stats_when_statuses_filtered PASSED [ 43%]
tests/services/test_classification_service_unit.py::test_apply_classification_dry_run_collects_proposed_labels PASSED [ 43%]
tests/services/test_classification_service_unit.py::test_apply_classification_persists_predictions PASSED [ 43%]
tests/services/test_classification_service_unit.py::test_apply_classification_records_error_when_missing_id PASSED [ 43%]
tests/services/test_classification_service_unit.py::test_apply_classification_skips_articles_with_no_text PASSED [ 43%]
tests/services/test_classification_service_unit.py::test_apply_classification_handles_classifier_exception PASSED [ 43%]
tests/services/test_classification_service_unit.py::test_apply_classification_skips_empty_predictions PASSED [ 43%]
tests/services/test_classification_service_unit.py::test_apply_classification_handles_none_statuses PASSED [ 43%]
tests/services/test_classification_service_unit.py::test_batch_iter_requires_positive_size PASSED [ 43%]
tests/services/test_classification_service_unit.py::test_batch_iter_yields_even_chunks PASSED [ 43%]
tests/services/test_url_verification.py::test_verify_url_success PASSED  [ 43%]
tests/services/test_url_verification.py::test_verify_url_filters_opinion_urls PASSED [ 43%]
tests/services/test_url_verification.py::test_verify_url_dynamic_pattern_short_circuits PASSED [ 43%]
tests/services/test_url_verification.py::test_verify_url_handles_sniffer_error PASSED [ 43%]
tests/services/test_url_verification.py::test_process_batch_collects_metrics PASSED [ 43%]
tests/services/test_url_verification.py::test_process_batch_respects_pattern_status PASSED [ 43%]
tests/services/test_url_verification.py::test_process_batch_marks_opinion_urls_correctly PASSED [ 43%]
tests/services/test_url_verification.py::test_update_candidate_status_with_and_without_error PASSED [ 43%]
tests/services/test_url_verification.py::test_save_telemetry_summary_calls_telemetry_tracker PASSED [ 43%]
tests/services/test_url_verification.py::test_run_verification_loop_honors_max_batches PASSED [ 43%]
tests/services/test_url_verification.py::test_verify_url_retries_on_http_5xx PASSED [ 43%]
tests/services/test_url_verification.py::test_verify_url_timeout_reports_error PASSED [ 43%]
tests/services/test_url_verification.py::test_verify_url_fallbacks_to_get_on_403 PASSED [ 43%]
tests/services/test_url_verification.py::test_verify_url_rate_limited_retries_and_reports_error PASSED [ 43%]
tests/services/test_url_verification.py::test_verify_url_reports_persistent_server_error PASSED [ 44%]
tests/services/test_url_verification.py::test_prepare_http_session_initializes_missing_headers PASSED [ 44%]
tests/services/test_url_verification.py::test_prepare_http_session_replaces_non_mapping_headers PASSED [ 44%]
tests/services/test_url_verification.py::test_check_http_health_returns_failure_on_client_error PASSED [ 44%]
tests/services/test_url_verification.py::test_check_http_health_reports_fallback_failure PASSED [ 44%]
tests/services/test_url_verification.py::test_attempt_get_fallback_handles_timeout PASSED [ 44%]
tests/services/test_url_verification.py::test_attempt_get_fallback_handles_request_exception PASSED [ 44%]
tests/services/test_url_verification.py::test_verify_url_propagates_fallback_error PASSED [ 44%]
tests/services/test_url_verification.py::test_stop_sets_running_false PASSED [ 44%]
tests/services/test_url_verification.py::test_get_status_summary_returns_counts PASSED [ 44%]
tests/services/test_url_verification.py::test_setup_logging_configures_handlers PASSED [ 44%]
tests/services/test_url_verification.py::test_main_status_path PASSED    [ 44%]
tests/services/test_url_verification.py::test_main_runs_verification_loop PASSED [ 44%]
tests/services/test_url_verification_fallback.py::test_verify_url_falls_back_to_get_when_head_blocked PASSED [ 44%]
tests/services/test_url_verification_fallback.py::test_verify_url_reports_error_when_fallback_fails PASSED [ 44%]
tests/services/test_url_verification_wire.py::TestWireServiceURLFiltering::test_detects_ap_wire_url PASSED [ 44%]
tests/services/test_url_verification_wire.py::TestWireServiceURLFiltering::test_detects_stacker_wire_url PASSED [ 44%]
tests/services/test_url_verification_wire.py::TestWireServiceURLFiltering::test_detects_reuters_wire_url PASSED [ 44%]
tests/services/test_url_verification_wire.py::TestWireServiceURLFiltering::test_detects_national_section_url PASSED [ 44%]
tests/services/test_url_verification_wire.py::TestWireServiceURLFiltering::test_detects_world_section_url PASSED [ 44%]
tests/services/test_url_verification_wire.py::TestWireServiceURLFiltering::test_wire_filtering_skips_storysniffer PASSED [ 44%]
tests/services/test_url_verification_wire.py::TestWireServiceURLFiltering::test_non_wire_url_proceeds_to_storysniffer PASSED [ 44%]
tests/services/test_url_verification_wire.py::TestWireServiceURLFiltering::test_case_insensitive_wire_detection PASSED [ 44%]
tests/services/test_url_verification_wire.py::TestWireServiceURLFiltering::test_multiple_wire_patterns PASSED [ 44%]
tests/services/test_url_verification_wire.py::TestWireServiceBatchProcessing::test_process_batch_marks_wire_status PASSED [ 44%]
tests/services/test_url_verification_wire.py::TestWireServiceBatchProcessing::test_wire_filtered_counted_in_metrics PASSED [ 45%]
tests/services/test_url_verification_wire.py::TestWireDetectionPerformance::test_wire_detection_is_fast PASSED [ 45%]
tests/services/test_url_verification_wire.py::TestWireDetectionPerformance::test_wire_detection_before_http_check PASSED [ 45%]
tests/services/test_url_verification_worker.py::test_worker_sheds_when_backlog_exceeds_threshold PASSED [ 45%]
tests/services/test_url_verification_worker.py::test_worker_sheds_when_queue_full PASSED [ 45%]
tests/services/test_url_verification_worker.py::test_worker_accepts_after_backlog_clears PASSED [ 45%]
tests/services/test_url_verification_worker.py::test_worker_recovers_after_long_running_backlog PASSED [ 45%]
tests/services/test_url_verification_worker.py::test_worker_captures_sync_processor_exception PASSED [ 45%]
tests/services/test_work_queue.py::test_domain_assignment_no_overlap PASSED [ 45%]
tests/services/test_work_queue.py::test_randomized_domain_selection PASSED [ 45%]
tests/services/test_work_queue.py::test_domain_cooldown_respected PASSED [ 45%]
tests/services/test_work_queue.py::test_domain_failure_incremental_cooldown PASSED [ 45%]
tests/services/test_work_queue.py::test_domain_failure_threshold_pause PASSED [ 45%]
tests/services/test_work_queue.py::test_worker_timeout_domain_rebalancing PASSED [ 45%]
tests/services/test_work_queue.py::test_no_articles_available PASSED     [ 45%]
tests/services/test_work_queue.py::test_all_domains_on_cooldown PASSED   [ 45%]
tests/services/test_work_queue.py::test_max_articles_per_domain_enforced PASSED [ 45%]
tests/services/test_work_queue.py::test_worker_last_seen_updated PASSED  [ 45%]
tests/services/test_work_queue.py::test_stats_endpoint_accuracy PASSED   [ 45%]
tests/services/test_work_queue.py::test_worker_heartbeat_updates_timestamp PASSED [ 45%]
tests/services/test_work_queue.py::test_heartbeat_prevents_worker_timeout PASSED [ 45%]
tests/services/test_work_queue.py::test_heartbeat_unknown_worker_ignored PASSED [ 45%]
tests/services/test_work_queue.py::test_single_domain_per_request_enforced PASSED [ 45%]
tests/services/test_work_queue.py::test_three_article_limit_respected PASSED [ 45%]
tests/services/test_work_queue.py::test_domain_not_reassigned_during_processing PASSED [ 45%]
tests/services/test_work_queue_async.py::test_concurrent_requests_do_not_block PASSED [ 45%]
tests/services/test_work_queue_async.py::test_health_check_responds_during_slow_request PASSED [ 46%]
tests/services/test_work_queue_async.py::test_async_endpoint_uses_executor PASSED [ 46%]
tests/services/test_work_queue_async.py::test_request_work_endpoint_concurrent_load PASSED [ 46%]
tests/services/test_work_queue_async.py::test_heartbeat_endpoint_non_blocking PASSED [ 46%]
tests/services/test_work_queue_async.py::test_stats_endpoint_non_blocking PASSED [ 46%]
tests/telemetry/test_record_extraction_retry.py::test_record_extraction_resync_and_retry PASSED [ 46%]
tests/test_actual_telemetry.py::TestActualGazetteerTelemetry::test_log_enrichment_attempt PASSED [ 46%]
tests/test_actual_telemetry.py::TestActualGazetteerTelemetry::test_log_geocoding_result_success PASSED [ 46%]
tests/test_actual_telemetry.py::TestActualGazetteerTelemetry::test_log_geocoding_result_failure PASSED [ 46%]
tests/test_actual_telemetry.py::TestActualGazetteerTelemetry::test_log_osm_query_result PASSED [ 46%]
tests/test_actual_telemetry.py::TestActualGazetteerTelemetry::test_log_enrichment_result_success PASSED [ 46%]
tests/test_actual_telemetry.py::TestActualGazetteerTelemetry::test_log_enrichment_result_failure PASSED [ 46%]
tests/test_actual_telemetry.py::TestActualGazetteerTelemetry::test_log_structure_consistency PASSED [ 46%]
tests/test_amp_bypass.py::TestAMPURLConversion::test_convert_to_amp_url_basic PASSED [ 46%]
tests/test_amp_bypass.py::TestAMPURLConversion::test_convert_to_amp_url_with_trailing_slash PASSED [ 46%]
tests/test_amp_bypass.py::TestAMPURLConversion::test_convert_to_amp_url_query_param PASSED [ 46%]
tests/test_amp_bypass.py::TestAMPURLConversion::test_convert_to_amp_url_query_param_existing_params PASSED [ 46%]
tests/test_amp_bypass.py::TestAMPURLConversion::test_convert_to_amp_url_google_cache PASSED [ 46%]
tests/test_amp_bypass.py::TestAMPURLConversion::test_convert_to_amp_url_http PASSED [ 46%]
tests/test_amp_bypass.py::TestAMPPageValidation::test_validate_amp_page_with_amp_tag PASSED [ 46%]
tests/test_amp_bypass.py::TestAMPPageValidation::test_validate_amp_page_with_lightning_emoji PASSED [ 46%]
tests/test_amp_bypass.py::TestAMPPageValidation::test_validate_amp_page_with_ampproject_reference PASSED [ 46%]
tests/test_amp_bypass.py::TestAMPPageValidation::test_validate_amp_page_with_amp_boilerplate PASSED [ 46%]
tests/test_amp_bypass.py::TestAMPPageValidation::test_validate_amp_page_with_amp_custom PASSED [ 46%]
tests/test_amp_bypass.py::TestAMPPageValidation::test_validate_amp_page_non_amp PASSED [ 46%]
tests/test_amp_bypass.py::TestAMPPageValidation::test_validate_amp_page_empty PASSED [ 46%]
tests/test_amp_bypass.py::TestAMPPageValidation::test_validate_amp_page_too_short PASSED [ 47%]
tests/test_amp_bypass.py::TestAMPDatabaseOperations::test_mark_domain_amp_supported_true PASSED [ 47%]
tests/test_amp_bypass.py::TestAMPDatabaseOperations::test_mark_domain_amp_supported_false PASSED [ 47%]
tests/test_amp_bypass.py::TestAMPDatabaseOperations::test_get_domain_amp_support_known_true PASSED [ 47%]
tests/test_amp_bypass.py::TestAMPDatabaseOperations::test_get_domain_amp_support_known_false PASSED [ 47%]
tests/test_amp_bypass.py::TestAMPDatabaseOperations::test_get_domain_amp_support_unknown PASSED [ 47%]
tests/test_amp_bypass.py::TestAMPDatabaseOperations::test_get_domain_amp_support_caching PASSED [ 47%]
tests/test_amp_bypass.py::TestAMPTestSupport::test_test_amp_support_success PASSED [ 47%]
tests/test_amp_bypass.py::TestAMPTestSupport::test_test_amp_support_not_found PASSED [ 47%]
tests/test_amp_bypass.py::TestAMPTestSupport::test_test_amp_support_invalid_amp PASSED [ 47%]
tests/test_amp_bypass.py::TestAMPIntegration::test_preemptive_amp_fetch_when_known_supported PASSED [ 47%]
tests/test_amp_bypass.py::TestAMPIntegration::test_amp_bypass_on_perimeterx_detection PASSED [ 47%]
tests/test_amp_integration.py::TestAMPBypassIntegration::test_full_amp_bypass_flow PASSED [ 47%]
tests/test_amp_integration.py::TestAMPBypassIntegration::test_preemptive_amp_for_known_domain 